==== Fri Sep  5 12:22:01 PM KST 2025 ====
카테고리,파일명,장소,방문 날짜,별점,리뷰,조회수,폴더 주인,폴더 마지막 수정 시간
문화,에버랜드,튤립정원,2025-04-20,3,생각보다 별로였고 재방문은 하지 않을 것 같아요.,4769,84,2025-02-04 01:48:13
맛집,상암 맛집,상암 김치찌개골목,2024-07-23,4,생각보다 별로였고 재방문은 하지 않을 것 같아요.,4502,91,2025-05-08 01:48:13
여행,강릉,안목해변,2024-06-01,5,직원분들이 친절해서 기분 좋게 다녀왔습니다.,3183,92,2024-11-22 01:48:13
맛집,수원,팔달문 시장,2025-04-07,5,가격 대비 만족도가 높아요. 다시 방문하고 싶습니다.,2898,86,2025-05-21 01:48:13
문화,서울 카페,홍대 카페거리,2025-01-11,5,생각보다 별로였고 재방문은 하지 않을 것 같아요.,2723,29,2024-12-27 01:48:13

==== Fri Sep  5 12:23:01 PM KST 2025 ====
카테고리,파일명,장소,방문 날짜,별점,리뷰,조회수,폴더 주인,폴더 마지막 수정 시간
문화,에버랜드,사파리월드,2025-04-14,2,1,4778,81,2025-03-05 01:48:13
레저,상암 맛집,상암 파스타집,2025-04-14,4,직원분들이 친절해서 기분 좋게 다녀왔습니다.,4506,79,2024-11-22 01:48:13
여행,강릉,안목해변,2024-06-01,5,직원분들이 친절해서 기분 좋게 다녀왔습니다.,3185,92,2024-11-22 01:48:13
여행,수원,수원 화성,2024-11-12,5,맛은 있었지만 양이 조금 부족했어요.,2912,95,2025-08-15 01:48:13
문화,서울 카페,홍대 카페거리,2025-05-02,5,특별한 날에 방문하기 좋은 분위기였어요.,2724,29,2024-12-06 01:48:13

==== Fri Sep  5 12:24:01 PM KST 2025 ====
카테고리,파일명,장소,방문 날짜,별점,리뷰,조회수,폴더 주인,폴더 마지막 수정 시간
레저,에버랜드,사파리월드,2025-02-10,3,서비스가 조금 아쉬웠지만 전체적으로 괜찮았습니다.,4780,88,2025-08-10 01:48:13
맛집,상암 맛집,상암 파스타집,2025-01-30,1,서비스가 조금 아쉬웠지만 전체적으로 괜찮았습니다.,4513,88,2025-05-18 01:48:13
여행,강릉,안목해변,2024-06-01,5,직원분들이 친절해서 기분 좋게 다녀왔습니다.,3187,92,2024-11-22 01:48:13
여행,수원,장안문,2024-05-18,3,서비스가 조금 아쉬웠지만 전체적으로 괜찮았습니다.,2911,76,2025-03-05 01:48:13
문화,서울 카페,홍대 카페거리,2025-01-12,1,가성비 좋은 곳이라 친구들에게 추천하고 싶어요.,2725,29,2025-05-30 01:48:13

==== Fri Sep  5 12:25:01 PM KST 2025 ====
카테고리,파일명,장소,방문 날짜,별점,리뷰,조회수,폴더 주인,폴더 마지막 수정 시간
여행,에버랜드,튤립정원,2024-07-10,2,가격 대비 만족도가 높아요. 다시 방문하고 싶습니다.,4778,78,2025-04-14 01:48:13
레저,상암 맛집,상암 초밥집,2024-11-27,4,맛은 있었지만 양이 조금 부족했어요.,4501,101,2025-02-25 01:48:13
맛집,강릉,초당순두부거리,2024-10-31,5,가격 대비 만족도가 높아요. 다시 방문하고 싶습니다.,3189,84,2025-08-03 01:48:13
맛집,수원,장안문,2024-05-07,4,맛은 있었지만 양이 조금 부족했어요.,2917,100,2025-02-14 01:48:13
레저,서울 카페,이태원 카페,2024-05-21,3,주차가 불편했지만 음식은 정말 훌륭했어요.,2726,29,2025-07-24 01:48:13

==== Fri Sep  5 12:26:01 PM KST 2025 ====
카테고리,파일명,장소,방문 날짜,별점,리뷰,조회수,폴더 주인,폴더 마지막 수정 시간
문화,에버랜드,튤립정원,2025-07-27,3,서비스가 조금 아쉬웠지만 전체적으로 괜찮았습니다.,4790,101,2024-12-02 01:48:13
카페,상암 맛집,상암 불백집,2024-07-18,5,가격 대비 만족도가 높아요. 다시 방문하고 싶습니다.,4511,87,2025-05-07 01:48:13
맛집,강릉,초당순두부거리,2024-10-31,5,가격 대비 만족도가 높아요. 다시 방문하고 싶습니다.,3194,84,2025-08-03 01:48:13
맛집,수원,장안문,2024-05-07,4,맛은 있었지만 양이 조금 부족했어요.,2920,100,2025-02-14 01:48:13
맛집,서울 카페,홍대 카페거리,2024-08-22,1,직원분들이 친절해서 기분 좋게 다녀왔습니다.,2727,29,2025-03-30 01:48:13

==== Fri Sep  5 12:27:01 PM KST 2025 ====
카테고리,파일명,장소,방문 날짜,별점,리뷰,조회수,폴더 주인,폴더 마지막 수정 시간
여행,에버랜드,튤립정원,2024-07-10,2,가격 대비 만족도가 높아요. 다시 방문하고 싶습니다.,4786,78,2025-04-14 01:48:13
레저,상암 맛집,상암 파스타집,2025-04-14,4,직원분들이 친절해서 기분 좋게 다녀왔습니다.,4523,79,2024-11-22 01:48:13
레저,강릉,경포대,2025-01-07,5,가성비 좋은 곳이라 친구들에게 추천하고 싶어요.,3188,82,2025-01-06 01:48:13
맛집,수원,장안문,2024-05-07,4,맛은 있었지만 양이 조금 부족했어요.,2924,100,2025-02-14 01:48:13
맛집,서울 카페,을지로 힙지로 카페,2024-02-28,4,특별한 날에 방문하기 좋은 분위기였어요.,2728,29,2025-08-15 01:48:13

==== Fri Sep  5 12:28:01 PM KST 2025 ====
카테고리,파일명,장소,방문 날짜,별점,리뷰,조회수,폴더 주인,폴더 마지막 수정 시간
여행,에버랜드,튤립정원,2024-07-10,2,가격 대비 만족도가 높아요. 다시 방문하고 싶습니다.,4787,78,2025-04-14 01:48:13
문화,상암 맛집,상암 초밥집,2025-03-03,3,직원분들이 친절해서 기분 좋게 다녀왔습니다.,4518,82,2025-06-24 01:48:13
문화,강릉,경포대,2025-03-13,4,주차가 불편했지만 음식은 정말 훌륭했어요.,3206,82,2025-01-06 01:48:13
맛집,수원,장안문,2024-05-07,4,맛은 있었지만 양이 조금 부족했어요.,2925,100,2025-02-14 01:48:13
맛집,부산,해운대,2024-10-30,5,주차가 불편했지만 음식은 정말 훌륭했어요.,2729,85,2025-02-26 01:48:13

==== Fri Sep  5 12:29:01 PM KST 2025 ====
카테고리,파일명,장소,방문 날짜,별점,리뷰,조회수,폴더 주인,폴더 마지막 수정 시간
문화,에버랜드,튤립정원,2025-04-20,3,생각보다 별로였고 재방문은 하지 않을 것 같아요.,4790,84,2025-02-04 01:48:13
맛집,상암 맛집,상암 파스타집,2025-01-30,1,서비스가 조금 아쉬웠지만 전체적으로 괜찮았습니다.,4526,88,2025-05-18 01:48:13
레저,강릉,경포대,2025-01-07,5,가성비 좋은 곳이라 친구들에게 추천하고 싶어요.,3190,82,2025-01-06 01:48:13
여행,수원,수원 화성,2024-11-12,5,맛은 있었지만 양이 조금 부족했어요.,2929,95,2025-08-15 01:48:13
카페,서울 카페,을지로 힙지로 카페,2024-05-21,5,가성비 좋은 곳이라 친구들에게 추천하고 싶어요.,2730,29,2025-04-23 01:48:13

==== Fri Sep  5 12:30:01 PM KST 2025 ====
카테고리,파일명,장소,방문 날짜,별점,리뷰,조회수,폴더 주인,폴더 마지막 수정 시간
레저,에버랜드,사파리월드,2025-02-10,3,서비스가 조금 아쉬웠지만 전체적으로 괜찮았습니다.,4797,88,2025-08-10 01:48:13
문화,상암 맛집,상암 초밥집,2025-03-03,3,직원분들이 친절해서 기분 좋게 다녀왔습니다.,4523,82,2025-06-24 01:48:13
맛집,강릉,초당순두부거리,2024-10-31,5,가격 대비 만족도가 높아요. 다시 방문하고 싶습니다.,3204,84,2025-08-03 01:48:13
카페,수원,화홍문,2024-10-30,4,가성비 좋은 곳이라 친구들에게 추천하고 싶어요.,2926,86,2025-08-08 01:48:13
여행,부산,해운대,2024-11-09,4,음식이 정말 맛있었고 분위기도 좋았어요.,2735,93,2025-01-26 01:48:13

==== Fri Sep  5 12:31:01 PM KST 2025 ====
카테고리,파일명,장소,방문 날짜,별점,리뷰,조회수,폴더 주인,폴더 마지막 수정 시간
여행,에버랜드,튤립정원,2024-07-10,2,가격 대비 만족도가 높아요. 다시 방문하고 싶습니다.,4791,78,2025-04-14 01:48:13
여행,상암 맛집,상암 초밥집,2024-11-06,5,직원분들이 친절해서 기분 좋게 다녀왔습니다.,4534,98,2025-05-22 01:48:13
문화,강릉,경포대,2025-03-13,4,주차가 불편했지만 음식은 정말 훌륭했어요.,3217,82,2025-01-06 01:48:13
여행,수원,팔달문 시장,2024-06-02,5,가격 대비 만족도가 높아요. 다시 방문하고 싶습니다.,2931,83,2024-11-17 01:48:13
맛집,부산,해운대,2024-10-30,5,주차가 불편했지만 음식은 정말 훌륭했어요.,2738,85,2025-02-26 01:48:13

==== Fri Sep  5 12:32:01 PM KST 2025 ====
카테고리,파일명,장소,방문 날짜,별점,리뷰,조회수,폴더 주인,폴더 마지막 수정 시간
레저,에버랜드,사파리월드,2025-02-10,3,서비스가 조금 아쉬웠지만 전체적으로 괜찮았습니다.,4801,88,2025-08-10 01:48:13
카페,상암 맛집,상암 김치찌개골목,2024-09-25,2,주차가 불편했지만 음식은 정말 훌륭했어요.,4537,85,2025-07-06 01:48:13
여행,강릉,안목해변,2024-06-01,5,직원분들이 친절해서 기분 좋게 다녀왔습니다.,3212,92,2024-11-22 01:48:13
레저,수원,장안문,2024-08-30,4,주차가 불편했지만 음식은 정말 훌륭했어요.,2944,92,2025-01-10 01:48:13
맛집,부산,해운대,2024-10-30,5,주차가 불편했지만 음식은 정말 훌륭했어요.,2741,85,2025-02-26 01:48:13

==== Fri Sep  5 12:33:01 PM KST 2025 ====
카테고리,파일명,장소,방문 날짜,별점,리뷰,조회수,폴더 주인,폴더 마지막 수정 시간
문화,에버랜드,튤립정원,2025-07-27,3,서비스가 조금 아쉬웠지만 전체적으로 괜찮았습니다.,4809,101,2024-12-02 01:48:13
레저,상암 맛집,상암 초밥집,2024-11-27,4,맛은 있었지만 양이 조금 부족했어요.,4523,101,2025-02-25 01:48:13
맛집,강릉,초당순두부거리,2024-10-31,5,가격 대비 만족도가 높아요. 다시 방문하고 싶습니다.,3217,84,2025-08-03 01:48:13
문화,수원,화홍문,2024-02-16,1,직원분들이 친절해서 기분 좋게 다녀왔습니다.,2943,93,2025-03-14 01:48:13
카페,부산,태종대,2024-11-18,1,생각보다 별로였고 재방문은 하지 않을 것 같아요.,2743,78,2025-05-20 01:48:13

==== Fri Sep  5 12:34:01 PM KST 2025 ====
카테고리,파일명,장소,방문 날짜,별점,리뷰,조회수,폴더 주인,폴더 마지막 수정 시간
카페,에버랜드,썬더폴스,2024-10-19,5,주차가 불편했지만 음식은 정말 훌륭했어요.,4806,78,2025-01-10 01:48:13
맛집,상암 맛집,상암 파스타집,2025-01-30,1,서비스가 조금 아쉬웠지만 전체적으로 괜찮았습니다.,4541,88,2025-05-18 01:48:13
카페,강릉,안목해변,2025-07-20,4,직원분들이 친절해서 기분 좋게 다녀왔습니다.,3214,90,2025-01-12 01:48:13
문화,수원,화홍문,2024-02-16,1,직원분들이 친절해서 기분 좋게 다녀왔습니다.,2944,93,2025-03-14 01:48:13
카페,부산,자갈치시장,2024-09-05,1,가성비 좋은 곳이라 친구들에게 추천하고 싶어요.,2741,111,2024-11-19 01:48:13

==== Fri Sep  5 01:58:01 PM KST 2025 ====
카테고리,파일명,장소,방문 날짜,별점,리뷰,조회수,폴더 주인,폴더 마지막 수정 시간
여행,에버랜드,튤립정원,2024-07-10,2,가격 대비 만족도가 높아요. 다시 방문하고 싶습니다.,4799,78,2025-04-14 01:48:13
여행,상암 맛집,상암 초밥집,2024-11-06,5,직원분들이 친절해서 기분 좋게 다녀왔습니다.,4544,98,2025-05-22 01:48:13
맛집,강릉,초당순두부거리,2024-10-31,5,가격 대비 만족도가 높아요. 다시 방문하고 싶습니다.,3221,84,2025-08-03 01:48:13
카페,수원,화홍문,2024-10-30,4,가성비 좋은 곳이라 친구들에게 추천하고 싶어요.,2940,86,2025-08-08 01:48:13
카페,부산,해운대,2025-04-08,5,생각보다 별로였고 재방문은 하지 않을 것 같아요.,2749,93,2025-02-21 01:48:13

==== Fri Sep  5 01:59:01 PM KST 2025 ====
카테고리,파일명,장소,방문 날짜,별점,리뷰,조회수,폴더 주인,폴더 마지막 수정 시간
문화,에버랜드,튤립정원,2025-04-20,3,생각보다 별로였고 재방문은 하지 않을 것 같아요.,4815,84,2025-02-04 01:48:13
카페,상암 맛집,상암 불백집,2024-07-18,5,가격 대비 만족도가 높아요. 다시 방문하고 싶습니다.,4545,87,2025-05-07 01:48:13
카페,강릉,안목해변,2025-07-20,4,직원분들이 친절해서 기분 좋게 다녀왔습니다.,3221,90,2025-01-12 01:48:13
맛집,수원,수원 화성,2025-03-16,1,가격 대비 만족도가 높아요. 다시 방문하고 싶습니다.,2953,86,2025-03-15 01:48:13
맛집,부산,광안리 해수욕장,2024-03-15,5,직원분들이 친절해서 기분 좋게 다녀왔습니다.,2754,88,2024-11-27 01:48:13

==== Fri Sep  5 02:00:01 PM KST 2025 ====
카테고리,파일명,장소,방문 날짜,별점,리뷰,조회수,폴더 주인,폴더 마지막 수정 시간
카페,에버랜드,썬더폴스,2024-10-19,5,주차가 불편했지만 음식은 정말 훌륭했어요.,4814,78,2025-01-10 01:48:13
문화,상암 맛집,상암 초밥집,2025-03-03,3,직원분들이 친절해서 기분 좋게 다녀왔습니다.,4543,82,2025-06-24 01:48:13
레저,강릉,강릉항,2024-05-13,4,가격 대비 만족도가 높아요. 다시 방문하고 싶습니다.,3225,95,2025-07-30 01:48:13
여행,수원,수원 화성,2024-11-12,5,맛은 있었지만 양이 조금 부족했어요.,2951,95,2025-08-15 01:48:13
레저,부산,해운대,2025-04-20,4,주차가 불편했지만 음식은 정말 훌륭했어요.,2748,79,2025-08-16 01:48:13

==== Fri Sep  5 02:01:01 PM KST 2025 ====
카테고리,파일명,장소,방문 날짜,별점,리뷰,조회수,폴더 주인,폴더 마지막 수정 시간
문화,에버랜드,튤립정원,2025-04-20,3,생각보다 별로였고 재방문은 하지 않을 것 같아요.,4820,84,2025-02-04 01:48:13
맛집,상암 맛집,상암 파스타집,2025-01-30,1,서비스가 조금 아쉬웠지만 전체적으로 괜찮았습니다.,4552,88,2025-05-18 01:48:13
레저,강릉,강릉항,2024-05-13,4,가격 대비 만족도가 높아요. 다시 방문하고 싶습니다.,3228,95,2025-07-30 01:48:13
문화,수원,화홍문,2024-02-16,1,직원분들이 친절해서 기분 좋게 다녀왔습니다.,2957,93,2025-03-14 01:48:13
카페,부산,태종대,2024-11-18,1,생각보다 별로였고 재방문은 하지 않을 것 같아요.,2759,78,2025-05-20 01:48:13

==== Fri Sep  5 02:02:01 PM KST 2025 ====
카테고리,파일명,장소,방문 날짜,별점,리뷰,조회수,폴더 주인,폴더 마지막 수정 시간
문화,에버랜드,튤립정원,2025-07-27,3,서비스가 조금 아쉬웠지만 전체적으로 괜찮았습니다.,4822,101,2024-12-02 01:48:13
맛집,상암 맛집,상암 파스타집,2025-01-30,1,서비스가 조금 아쉬웠지만 전체적으로 괜찮았습니다.,4553,88,2025-05-18 01:48:13
레저,강릉,강릉항,2024-05-13,4,가격 대비 만족도가 높아요. 다시 방문하고 싶습니다.,3230,95,2025-07-30 01:48:13
맛집,수원,수원 화성,2025-03-16,1,가격 대비 만족도가 높아요. 다시 방문하고 싶습니다.,2961,86,2025-03-15 01:48:13
카페,부산,태종대,2024-01-18,1,특별한 날에 방문하기 좋은 분위기였어요.,2767,91,2025-08-12 01:48:13

==== Fri Sep  5 02:03:01 PM KST 2025 ====
카테고리,파일명,장소,방문 날짜,별점,리뷰,조회수,폴더 주인,폴더 마지막 수정 시간
여행,에버랜드,튤립정원,2024-07-10,2,가격 대비 만족도가 높아요. 다시 방문하고 싶습니다.,4815,78,2025-04-14 01:48:13
맛집,상암 맛집,상암 김치찌개골목,2024-07-23,4,생각보다 별로였고 재방문은 하지 않을 것 같아요.,4561,91,2025-05-08 01:48:13
문화,강릉,경포대,2025-03-13,4,주차가 불편했지만 음식은 정말 훌륭했어요.,3245,82,2025-01-06 01:48:13
카페,수원,장안문,2025-06-06,3,맛은 있었지만 양이 조금 부족했어요.,2959,76,2025-08-23 01:48:13
카페,부산,자갈치시장,2024-09-05,1,가성비 좋은 곳이라 친구들에게 추천하고 싶어요.,2759,111,2024-11-19 01:48:13

==== Fri Sep  5 02:05:02 PM KST 2025 ====
카테고리,파일명,장소,방문 날짜,별점,리뷰,조회수,폴더 주인,폴더 마지막 수정 시간
문화,에버랜드,튤립정원,2025-04-20,3,생각보다 별로였고 재방문은 하지 않을 것 같아요.,4829,84,2025-02-04 01:48:13
카페,상암 맛집,상암 김치찌개골목,2024-09-25,2,주차가 불편했지만 음식은 정말 훌륭했어요.,4566,85,2025-07-06 01:48:13
레저,강릉,경포대,2025-01-07,5,가성비 좋은 곳이라 친구들에게 추천하고 싶어요.,3236,82,2025-01-06 01:48:13
여행,수원,팔달문 시장,2024-06-02,5,가격 대비 만족도가 높아요. 다시 방문하고 싶습니다.,2960,83,2024-11-17 01:48:13
카페,부산,태종대,2024-01-18,1,특별한 날에 방문하기 좋은 분위기였어요.,2777,91,2025-08-12 01:48:13

==== Fri Sep  5 02:06:01 PM KST 2025 ====
카테고리,파일명,장소,방문 날짜,별점,리뷰,조회수,폴더 주인,폴더 마지막 수정 시간
맛집,에버랜드,썬더폴스,2025-05-18,2,서비스가 조금 아쉬웠지만 전체적으로 괜찮았습니다.,4830,91,2025-08-31 01:48:13
레저,상암 맛집,상암 파스타집,2025-04-14,4,직원분들이 친절해서 기분 좋게 다녀왔습니다.,4572,79,2024-11-22 01:48:13
레저,강릉,경포대,2025-01-07,5,가성비 좋은 곳이라 친구들에게 추천하고 싶어요.,3237,82,2025-01-06 01:48:13
여행,수원,수원 화성,2024-11-12,5,맛은 있었지만 양이 조금 부족했어요.,2965,95,2025-08-15 01:48:13
카페,부산,태종대,2024-01-18,1,특별한 날에 방문하기 좋은 분위기였어요.,2780,91,2025-08-12 01:48:13

==== Fri Sep  5 02:07:01 PM KST 2025 ====
카테고리,파일명,장소,방문 날짜,별점,리뷰,조회수,폴더 주인,폴더 마지막 수정 시간
카페,에버랜드,썬더폴스,2024-10-19,5,주차가 불편했지만 음식은 정말 훌륭했어요.,4834,78,2025-01-10 01:48:13
맛집,상암 맛집,상암 김치찌개골목,2024-07-23,4,생각보다 별로였고 재방문은 하지 않을 것 같아요.,4569,91,2025-05-08 01:48:13
맛집,강릉,초당순두부거리,2024-10-31,5,가격 대비 만족도가 높아요. 다시 방문하고 싶습니다.,3249,84,2025-08-03 01:48:13
맛집,수원,장안문,2024-05-07,4,맛은 있었지만 양이 조금 부족했어요.,2969,100,2025-02-14 01:48:13
여행,부산,자갈치시장,2024-03-12,3,가격 대비 만족도가 높아요. 다시 방문하고 싶습니다.,2775,90,2025-08-08 01:48:13

==== Fri Sep  5 02:08:01 PM KST 2025 ====
카테고리,파일명,장소,방문 날짜,별점,리뷰,조회수,폴더 주인,폴더 마지막 수정 시간
맛집,에버랜드,썬더폴스,2025-05-18,2,서비스가 조금 아쉬웠지만 전체적으로 괜찮았습니다.,4836,91,2025-08-31 01:48:13
여행,상암 맛집,상암 초밥집,2024-11-06,5,직원분들이 친절해서 기분 좋게 다녀왔습니다.,4574,98,2025-05-22 01:48:13
문화,강릉,경포대,2025-03-13,4,주차가 불편했지만 음식은 정말 훌륭했어요.,3251,82,2025-01-06 01:48:13
카페,수원,화홍문,2024-10-30,4,가성비 좋은 곳이라 친구들에게 추천하고 싶어요.,2972,86,2025-08-08 01:48:13
여행,부산,해운대,2024-11-09,4,음식이 정말 맛있었고 분위기도 좋았어요.,2775,93,2025-01-26 01:48:13

==== Fri Sep  5 02:09:01 PM KST 2025 ====
카테고리,파일명,장소,방문 날짜,별점,리뷰,조회수,폴더 주인,폴더 마지막 수정 시간
문화,에버랜드,튤립정원,2025-07-27,3,서비스가 조금 아쉬웠지만 전체적으로 괜찮았습니다.,4845,101,2024-12-02 01:48:13
카페,상암 맛집,상암 김치찌개골목,2024-09-25,2,주차가 불편했지만 음식은 정말 훌륭했어요.,4581,85,2025-07-06 01:48:13
레저,강릉,강릉항,2024-05-13,4,가격 대비 만족도가 높아요. 다시 방문하고 싶습니다.,3249,95,2025-07-30 01:48:13
여행,수원,팔달문 시장,2024-06-02,5,가격 대비 만족도가 높아요. 다시 방문하고 싶습니다.,2979,83,2024-11-17 01:48:13
레저,부산,태종대,2025-08-19,1,1,2796,103,2025-03-15 01:48:13

==== Fri Sep  5 02:10:01 PM KST 2025 ====
카테고리,파일명,장소,방문 날짜,별점,리뷰,조회수,폴더 주인,폴더 마지막 수정 시간
여행,에버랜드,튤립정원,2024-07-10,2,가격 대비 만족도가 높아요. 다시 방문하고 싶습니다.,4829,78,2025-04-14 01:48:13
카페,상암 맛집,상암 김치찌개골목,2024-09-25,2,주차가 불편했지만 음식은 정말 훌륭했어요.,4586,85,2025-07-06 01:48:13
레저,강릉,경포대,2025-01-07,5,가성비 좋은 곳이라 친구들에게 추천하고 싶어요.,3250,82,2025-01-06 01:48:13
여행,수원,장안문,2024-05-18,3,서비스가 조금 아쉬웠지만 전체적으로 괜찮았습니다.,2988,76,2025-03-05 01:48:13
카페,부산,태종대,2024-11-18,1,생각보다 별로였고 재방문은 하지 않을 것 같아요.,2786,78,2025-05-20 01:48:13

==== Fri Sep  5 02:11:01 PM KST 2025 ====
카테고리,파일명,장소,방문 날짜,별점,리뷰,조회수,폴더 주인,폴더 마지막 수정 시간
문화,에버랜드,사파리월드,2025-04-14,2,1,4848,81,2025-03-05 01:48:13
레저,상암 맛집,상암 파스타집,2025-04-14,4,직원분들이 친절해서 기분 좋게 다녀왔습니다.,4583,79,2024-11-22 01:48:13
레저,강릉,경포대,2025-01-07,5,가성비 좋은 곳이라 친구들에게 추천하고 싶어요.,3252,82,2025-01-06 01:48:13
여행,수원,팔달문 시장,2024-06-02,5,가격 대비 만족도가 높아요. 다시 방문하고 싶습니다.,2983,83,2024-11-17 01:48:13
카페,부산,태종대,2024-11-18,1,생각보다 별로였고 재방문은 하지 않을 것 같아요.,2791,78,2025-05-20 01:48:13

==== Fri Sep  5 02:12:01 PM KST 2025 ====
카테고리,파일명,장소,방문 날짜,별점,리뷰,조회수,폴더 주인,폴더 마지막 수정 시간
문화,에버랜드,튤립정원,2025-04-20,3,생각보다 별로였고 재방문은 하지 않을 것 같아요.,4849,84,2025-02-04 01:48:13
카페,상암 맛집,상암 김치찌개골목,2024-09-25,2,주차가 불편했지만 음식은 정말 훌륭했어요.,4596,85,2025-07-06 01:48:13
여행,강릉,안목해변,2024-06-01,5,직원분들이 친절해서 기분 좋게 다녀왔습니다.,3257,92,2024-11-22 01:48:13
레저,수원,장안문,2024-08-30,4,주차가 불편했지만 음식은 정말 훌륭했어요.,2992,92,2025-01-10 01:48:13
카페,부산,해운대,2025-04-08,5,생각보다 별로였고 재방문은 하지 않을 것 같아요.,2787,93,2025-02-21 01:48:13

==== Fri Sep  5 02:13:01 PM KST 2025 ====
카테고리,파일명,장소,방문 날짜,별점,리뷰,조회수,폴더 주인,폴더 마지막 수정 시간
여행,에버랜드,튤립정원,2024-07-10,2,가격 대비 만족도가 높아요. 다시 방문하고 싶습니다.,4839,78,2025-04-14 01:48:13
문화,상암 맛집,상암 초밥집,2025-03-03,3,직원분들이 친절해서 기분 좋게 다녀왔습니다.,4581,82,2025-06-24 01:48:13
여행,강릉,안목해변,2024-06-01,5,직원분들이 친절해서 기분 좋게 다녀왔습니다.,3261,92,2024-11-22 01:48:13
맛집,수원,수원 화성,2025-03-16,1,가격 대비 만족도가 높아요. 다시 방문하고 싶습니다.,2993,86,2025-03-15 01:48:13
카페,부산,태종대,2024-01-18,1,특별한 날에 방문하기 좋은 분위기였어요.,2797,91,2025-08-12 01:48:13

==== Fri Sep  5 02:14:01 PM KST 2025 ====
카테고리,파일명,장소,방문 날짜,별점,리뷰,조회수,폴더 주인,폴더 마지막 수정 시간
여행,에버랜드,튤립정원,2024-07-10,2,가격 대비 만족도가 높아요. 다시 방문하고 싶습니다.,4844,78,2025-04-14 01:48:13
레저,상암 맛집,상암 파스타집,2025-04-14,4,직원분들이 친절해서 기분 좋게 다녀왔습니다.,4593,79,2024-11-22 01:48:13
맛집,강릉,초당순두부거리,2024-10-31,5,가격 대비 만족도가 높아요. 다시 방문하고 싶습니다.,3271,84,2025-08-03 01:48:13
여행,수원,수원 화성,2024-11-12,5,맛은 있었지만 양이 조금 부족했어요.,2985,95,2025-08-15 01:48:13
여행,부산,해운대,2024-11-09,4,음식이 정말 맛있었고 분위기도 좋았어요.,2794,93,2025-01-26 01:48:13

==== Fri Sep  5 02:15:01 PM KST 2025 ====
카테고리,파일명,장소,방문 날짜,별점,리뷰,조회수,폴더 주인,폴더 마지막 수정 시간
문화,에버랜드,튤립정원,2025-07-27,3,서비스가 조금 아쉬웠지만 전체적으로 괜찮았습니다.,4861,101,2024-12-02 01:48:13
레저,상암 맛집,상암 초밥집,2024-11-27,4,맛은 있었지만 양이 조금 부족했어요.,4580,101,2025-02-25 01:48:13
레저,강릉,경포대,2025-01-07,5,가성비 좋은 곳이라 친구들에게 추천하고 싶어요.,3267,82,2025-01-06 01:48:13
여행,수원,화홍문,2025-02-12,3,생각보다 별로였고 재방문은 하지 않을 것 같아요.,2990,108,2025-04-09 01:48:13
맛집,부산,해운대,2024-04-16,3,음식은 평범했지만 인테리어가 예뻤습니다.,2789,93,2025-08-09 01:48:13

==== Fri Sep  5 02:16:01 PM KST 2025 ====
카테고리,파일명,장소,방문 날짜,별점,리뷰,조회수,폴더 주인,폴더 마지막 수정 시간
여행,에버랜드,튤립정원,2024-07-10,2,가격 대비 만족도가 높아요. 다시 방문하고 싶습니다.,4852,78,2025-04-14 01:48:13
여행,상암 맛집,상암 초밥집,2024-11-06,5,직원분들이 친절해서 기분 좋게 다녀왔습니다.,4604,98,2025-05-22 01:48:13
카페,강릉,안목해변,2025-07-20,4,직원분들이 친절해서 기분 좋게 다녀왔습니다.,3269,90,2025-01-12 01:48:13
카페,수원,장안문,2025-06-06,3,맛은 있었지만 양이 조금 부족했어요.,2998,76,2025-08-23 01:48:13
레저,부산,태종대,2025-08-19,1,1,2821,103,2025-03-15 01:48:13

==== Fri Sep  5 02:17:01 PM KST 2025 ====
카테고리,파일명,장소,방문 날짜,별점,리뷰,조회수,폴더 주인,폴더 마지막 수정 시간
문화,에버랜드,튤립정원,2025-04-20,3,생각보다 별로였고 재방문은 하지 않을 것 같아요.,4857,84,2025-02-04 01:48:13
여행,상암 맛집,상암 초밥집,2024-11-06,5,직원분들이 친절해서 기분 좋게 다녀왔습니다.,4608,98,2025-05-22 01:48:13
문화,강릉,경포대,2025-03-13,4,주차가 불편했지만 음식은 정말 훌륭했어요.,3281,82,2025-01-06 01:48:13
여행,수원,장안문,2024-05-18,3,서비스가 조금 아쉬웠지만 전체적으로 괜찮았습니다.,3008,76,2025-03-05 01:48:13
카페,부산,자갈치시장,2024-09-05,1,가성비 좋은 곳이라 친구들에게 추천하고 싶어요.,2805,111,2024-11-19 01:48:13

==== Fri Sep  5 02:18:01 PM KST 2025 ====
카테고리,파일명,장소,방문 날짜,별점,리뷰,조회수,폴더 주인,폴더 마지막 수정 시간
문화,에버랜드,사파리월드,2025-04-14,2,1,4870,81,2025-03-05 01:48:13
레저,상암 맛집,상암 파스타집,2025-04-14,4,직원분들이 친절해서 기분 좋게 다녀왔습니다.,4607,79,2024-11-22 01:48:13
문화,강릉,경포대,2025-03-13,4,주차가 불편했지만 음식은 정말 훌륭했어요.,3286,82,2025-01-06 01:48:13
여행,수원,수원 화성,2024-11-12,5,맛은 있었지만 양이 조금 부족했어요.,2993,95,2025-08-15 01:48:13
맛집,부산,해운대,2024-10-30,5,주차가 불편했지만 음식은 정말 훌륭했어요.,2799,85,2025-02-26 01:48:13

==== Fri Sep  5 02:19:01 PM KST 2025 ====
카테고리,파일명,장소,방문 날짜,별점,리뷰,조회수,폴더 주인,폴더 마지막 수정 시간
여행,에버랜드,튤립정원,2024-07-10,2,가격 대비 만족도가 높아요. 다시 방문하고 싶습니다.,4866,78,2025-04-14 01:48:13
맛집,상암 맛집,상암 파스타집,2025-01-30,1,서비스가 조금 아쉬웠지만 전체적으로 괜찮았습니다.,4603,88,2025-05-18 01:48:13
문화,강릉,경포대,2025-03-13,4,주차가 불편했지만 음식은 정말 훌륭했어요.,3289,82,2025-01-06 01:48:13
여행,수원,장안문,2024-05-18,3,서비스가 조금 아쉬웠지만 전체적으로 괜찮았습니다.,3016,76,2025-03-05 01:48:13
여행,부산,자갈치시장,2024-03-12,3,가격 대비 만족도가 높아요. 다시 방문하고 싶습니다.,2813,90,2025-08-08 01:48:13

==== Fri Sep  5 02:20:01 PM KST 2025 ====
카테고리,파일명,장소,방문 날짜,별점,리뷰,조회수,폴더 주인,폴더 마지막 수정 시간
여행,에버랜드,튤립정원,2024-07-10,2,가격 대비 만족도가 높아요. 다시 방문하고 싶습니다.,4869,78,2025-04-14 01:48:13
레저,상암 맛집,상암 파스타집,2025-04-14,4,직원분들이 친절해서 기분 좋게 다녀왔습니다.,4611,79,2024-11-22 01:48:13
레저,강릉,경포대,2025-01-07,5,가성비 좋은 곳이라 친구들에게 추천하고 싶어요.,3288,82,2025-01-06 01:48:13
여행,수원,화홍문,2025-02-12,3,생각보다 별로였고 재방문은 하지 않을 것 같아요.,3002,108,2025-04-09 01:48:13
카페,부산,태종대,2024-11-18,1,생각보다 별로였고 재방문은 하지 않을 것 같아요.,2818,78,2025-05-20 01:48:13

==== Fri Sep  5 02:21:01 PM KST 2025 ====
카테고리,파일명,장소,방문 날짜,별점,리뷰,조회수,폴더 주인,폴더 마지막 수정 시간
문화,에버랜드,사파리월드,2025-04-14,2,1,4879,81,2025-03-05 01:48:13
여행,상암 맛집,상암 초밥집,2024-11-06,5,직원분들이 친절해서 기분 좋게 다녀왔습니다.,4622,98,2025-05-22 01:48:13
맛집,강릉,초당순두부거리,2024-10-31,5,가격 대비 만족도가 높아요. 다시 방문하고 싶습니다.,3290,84,2025-08-03 01:48:13
문화,수원,화홍문,2024-02-16,1,직원분들이 친절해서 기분 좋게 다녀왔습니다.,3013,93,2025-03-14 01:48:13
레저,부산,태종대,2025-08-19,1,1,2840,103,2025-03-15 01:48:13

==== Fri Sep  5 02:22:01 PM KST 2025 ====
카테고리,파일명,장소,방문 날짜,별점,리뷰,조회수,폴더 주인,폴더 마지막 수정 시간
문화,에버랜드,튤립정원,2025-07-27,3,서비스가 조금 아쉬웠지만 전체적으로 괜찮았습니다.,4876,101,2024-12-02 01:48:13
카페,상암 맛집,상암 김치찌개골목,2024-09-25,2,주차가 불편했지만 음식은 정말 훌륭했어요.,4629,85,2025-07-06 01:48:13
카페,강릉,안목해변,2025-07-20,4,직원분들이 친절해서 기분 좋게 다녀왔습니다.,3289,90,2025-01-12 01:48:13
여행,수원,수원 화성,2024-11-12,5,맛은 있었지만 양이 조금 부족했어요.,3006,95,2025-08-15 01:48:13
맛집,부산,광안리 해수욕장,2024-03-15,5,직원분들이 친절해서 기분 좋게 다녀왔습니다.,2833,88,2024-11-27 01:48:13

==== Fri Sep  5 02:23:01 PM KST 2025 ====
카테고리,파일명,장소,방문 날짜,별점,리뷰,조회수,폴더 주인,폴더 마지막 수정 시간
맛집,에버랜드,썬더폴스,2025-05-18,2,서비스가 조금 아쉬웠지만 전체적으로 괜찮았습니다.,4892,91,2025-08-31 01:48:13
레저,상암 맛집,상암 파스타집,2025-04-14,4,직원분들이 친절해서 기분 좋게 다녀왔습니다.,4619,79,2024-11-22 01:48:13
레저,강릉,강릉항,2024-05-13,4,가격 대비 만족도가 높아요. 다시 방문하고 싶습니다.,3288,95,2025-07-30 01:48:13
카페,수원,화홍문,2024-10-30,4,가성비 좋은 곳이라 친구들에게 추천하고 싶어요.,3017,86,2025-08-08 01:48:13
여행,부산,해운대,2024-06-30,2,특별한 날에 방문하기 좋은 분위기였어요.,2827,71,2025-06-21 01:48:13

==== Fri Sep  5 02:24:01 PM KST 2025 ====
카테고리,파일명,장소,방문 날짜,별점,리뷰,조회수,폴더 주인,폴더 마지막 수정 시간
카페,에버랜드,썬더폴스,2024-10-19,5,주차가 불편했지만 음식은 정말 훌륭했어요.,4875,78,2025-01-10 01:48:13
맛집,상암 맛집,상암 김치찌개골목,2024-07-23,4,생각보다 별로였고 재방문은 하지 않을 것 같아요.,4611,91,2025-05-08 01:48:13
레저,강릉,경포대,2025-01-07,5,가성비 좋은 곳이라 친구들에게 추천하고 싶어요.,3296,82,2025-01-06 01:48:13
문화,수원,화홍문,2024-02-16,1,직원분들이 친절해서 기분 좋게 다녀왔습니다.,3022,93,2025-03-14 01:48:13
맛집,부산,해운대,2024-10-30,5,주차가 불편했지만 음식은 정말 훌륭했어요.,2813,85,2025-02-26 01:48:13

==== Fri Sep  5 02:25:01 PM KST 2025 ====
카테고리,파일명,장소,방문 날짜,별점,리뷰,조회수,폴더 주인,폴더 마지막 수정 시간
문화,에버랜드,튤립정원,2025-07-27,3,서비스가 조금 아쉬웠지만 전체적으로 괜찮았습니다.,4884,101,2024-12-02 01:48:13
문화,상암 맛집,상암 초밥집,2025-03-03,3,직원분들이 친절해서 기분 좋게 다녀왔습니다.,4612,82,2025-06-24 01:48:13
여행,강릉,안목해변,2024-06-01,5,직원분들이 친절해서 기분 좋게 다녀왔습니다.,3303,92,2024-11-22 01:48:13
레저,수원,장안문,2024-08-30,4,주차가 불편했지만 음식은 정말 훌륭했어요.,3028,92,2025-01-10 01:48:13
맛집,부산,광안리 해수욕장,2024-03-15,5,직원분들이 친절해서 기분 좋게 다녀왔습니다.,2840,88,2024-11-27 01:48:13

==== Fri Sep  5 02:26:01 PM KST 2025 ====
카테고리,파일명,장소,방문 날짜,별점,리뷰,조회수,폴더 주인,폴더 마지막 수정 시간
문화,에버랜드,사파리월드,2025-04-14,2,1,4893,81,2025-03-05 01:48:13
레저,상암 맛집,상암 파스타집,2025-04-14,4,직원분들이 친절해서 기분 좋게 다녀왔습니다.,4631,79,2024-11-22 01:48:13
맛집,강릉,초당순두부거리,2024-10-31,5,가격 대비 만족도가 높아요. 다시 방문하고 싶습니다.,3304,84,2025-08-03 01:48:13
여행,수원,화홍문,2025-02-12,3,생각보다 별로였고 재방문은 하지 않을 것 같아요.,3017,108,2025-04-09 01:48:13
카페,부산,해운대,2024-11-29,3,맛은 있었지만 양이 조금 부족했어요.,2819,84,2024-12-04 01:48:13

==== Fri Sep  5 02:27:01 PM KST 2025 ====
카테고리,파일명,장소,방문 날짜,별점,리뷰,조회수,폴더 주인,폴더 마지막 수정 시간
레저,에버랜드,사파리월드,2025-02-10,3,서비스가 조금 아쉬웠지만 전체적으로 괜찮았습니다.,4894,88,2025-08-10 01:48:13
맛집,상암 맛집,상암 김치찌개골목,2024-07-23,4,생각보다 별로였고 재방문은 하지 않을 것 같아요.,4615,91,2025-05-08 01:48:13
여행,강릉,안목해변,2024-06-01,5,직원분들이 친절해서 기분 좋게 다녀왔습니다.,3308,92,2024-11-22 01:48:13
여행,수원,수원 화성,2024-11-12,5,맛은 있었지만 양이 조금 부족했어요.,3015,95,2025-08-15 01:48:13
문화,부산,자갈치시장,2024-08-18,5,음식은 평범했지만 인테리어가 예뻤습니다.,2810,78,2025-07-17 01:48:13

==== Fri Sep  5 02:28:01 PM KST 2025 ====
카테고리,파일명,장소,방문 날짜,별점,리뷰,조회수,폴더 주인,폴더 마지막 수정 시간
문화,에버랜드,사파리월드,2025-04-14,2,1,4902,81,2025-03-05 01:48:13
맛집,상암 맛집,상암 김치찌개골목,2024-07-23,4,생각보다 별로였고 재방문은 하지 않을 것 같아요.,4617,91,2025-05-08 01:48:13
문화,강릉,경포대,2025-03-13,4,주차가 불편했지만 음식은 정말 훌륭했어요.,3307,82,2025-01-06 01:48:13
여행,수원,수원 화성,2024-11-12,5,맛은 있었지만 양이 조금 부족했어요.,3020,95,2025-08-15 01:48:13
여행,부산,해운대,2024-11-09,4,음식이 정말 맛있었고 분위기도 좋았어요.,2837,93,2025-01-26 01:48:13

==== Fri Sep  5 02:29:01 PM KST 2025 ====
카테고리,파일명,장소,방문 날짜,별점,리뷰,조회수,폴더 주인,폴더 마지막 수정 시간
레저,에버랜드,사파리월드,2025-02-10,3,서비스가 조금 아쉬웠지만 전체적으로 괜찮았습니다.,4899,88,2025-08-10 01:48:13
카페,상암 맛집,상암 김치찌개골목,2024-09-25,2,주차가 불편했지만 음식은 정말 훌륭했어요.,4656,85,2025-07-06 01:48:13
레저,강릉,경포대,2025-01-07,5,가성비 좋은 곳이라 친구들에게 추천하고 싶어요.,3311,82,2025-01-06 01:48:13
여행,수원,화홍문,2025-02-12,3,생각보다 별로였고 재방문은 하지 않을 것 같아요.,3028,108,2025-04-09 01:48:13
레저,부산,해운대,2025-04-20,4,주차가 불편했지만 음식은 정말 훌륭했어요.,2836,79,2025-08-16 01:48:13

==== Fri Sep  5 02:30:01 PM KST 2025 ====
카테고리,파일명,장소,방문 날짜,별점,리뷰,조회수,폴더 주인,폴더 마지막 수정 시간
레저,에버랜드,사파리월드,2025-02-10,3,서비스가 조금 아쉬웠지만 전체적으로 괜찮았습니다.,4904,88,2025-08-10 01:48:13
카페,상암 맛집,상암 불백집,2024-07-18,5,가격 대비 만족도가 높아요. 다시 방문하고 싶습니다.,4645,87,2025-05-07 01:48:13
레저,강릉,강릉항,2024-05-13,4,가격 대비 만족도가 높아요. 다시 방문하고 싶습니다.,3315,95,2025-07-30 01:48:13
맛집,수원,장안문,2024-05-07,4,맛은 있었지만 양이 조금 부족했어요.,3041,100,2025-02-14 01:48:13
레저,부산,해운대,2025-04-20,4,주차가 불편했지만 음식은 정말 훌륭했어요.,2838,79,2025-08-16 01:48:13

==== Fri Sep  5 02:31:01 PM KST 2025 ====
카테고리,파일명,장소,방문 날짜,별점,리뷰,조회수,폴더 주인,폴더 마지막 수정 시간
문화,에버랜드,튤립정원,2025-04-20,3,생각보다 별로였고 재방문은 하지 않을 것 같아요.,4908,84,2025-02-04 01:48:13
레저,상암 맛집,상암 파스타집,2025-04-14,4,직원분들이 친절해서 기분 좋게 다녀왔습니다.,4647,79,2024-11-22 01:48:13
레저,강릉,경포대,2025-01-07,5,가성비 좋은 곳이라 친구들에게 추천하고 싶어요.,3319,82,2025-01-06 01:48:13
카페,수원,장안문,2025-06-06,3,맛은 있었지만 양이 조금 부족했어요.,3047,76,2025-08-23 01:48:13
여행,부산,해운대,2024-11-09,4,음식이 정말 맛있었고 분위기도 좋았어요.,2845,93,2025-01-26 01:48:13

==== Fri Sep  5 02:32:01 PM KST 2025 ====
카테고리,파일명,장소,방문 날짜,별점,리뷰,조회수,폴더 주인,폴더 마지막 수정 시간
카페,에버랜드,썬더폴스,2024-10-19,5,주차가 불편했지만 음식은 정말 훌륭했어요.,4895,78,2025-01-10 01:48:13
문화,상암 맛집,상암 초밥집,2025-03-03,3,직원분들이 친절해서 기분 좋게 다녀왔습니다.,4638,82,2025-06-24 01:48:13
문화,강릉,경포대,2025-03-13,4,주차가 불편했지만 음식은 정말 훌륭했어요.,3323,82,2025-01-06 01:48:13
여행,수원,팔달문 시장,2024-06-02,5,가격 대비 만족도가 높아요. 다시 방문하고 싶습니다.,3045,83,2024-11-17 01:48:13
여행,부산,태종대,2024-02-21,3,특별한 날에 방문하기 좋은 분위기였어요.,2848,103,2025-04-23 01:48:13

==== Fri Sep  5 02:33:01 PM KST 2025 ====
카테고리,파일명,장소,방문 날짜,별점,리뷰,조회수,폴더 주인,폴더 마지막 수정 시간
문화,에버랜드,튤립정원,2025-04-20,3,생각보다 별로였고 재방문은 하지 않을 것 같아요.,4914,84,2025-02-04 01:48:13
카페,상암 맛집,상암 김치찌개골목,2024-09-25,2,주차가 불편했지만 음식은 정말 훌륭했어요.,4666,85,2025-07-06 01:48:13
문화,강릉,경포대,2025-03-13,4,주차가 불편했지만 음식은 정말 훌륭했어요.,3327,82,2025-01-06 01:48:13
맛집,수원,장안문,2024-05-07,4,맛은 있었지만 양이 조금 부족했어요.,3051,100,2025-02-14 01:48:13
맛집,부산,광안리 해수욕장,2024-03-15,5,직원분들이 친절해서 기분 좋게 다녀왔습니다.,2870,88,2024-11-27 01:48:13

==== Fri Sep  5 02:34:01 PM KST 2025 ====
카테고리,파일명,장소,방문 날짜,별점,리뷰,조회수,폴더 주인,폴더 마지막 수정 시간
문화,에버랜드,튤립정원,2025-07-27,3,서비스가 조금 아쉬웠지만 전체적으로 괜찮았습니다.,4908,101,2024-12-02 01:48:13
레저,상암 맛집,상암 초밥집,2024-11-27,4,맛은 있었지만 양이 조금 부족했어요.,4635,101,2025-02-25 01:48:13
맛집,강릉,초당순두부거리,2024-10-31,5,가격 대비 만족도가 높아요. 다시 방문하고 싶습니다.,3329,84,2025-08-03 01:48:13
문화,수원,화홍문,2024-02-16,1,직원분들이 친절해서 기분 좋게 다녀왔습니다.,3046,93,2025-03-14 01:48:13
레저,부산,해운대,2025-04-20,4,주차가 불편했지만 음식은 정말 훌륭했어요.,2851,79,2025-08-16 01:48:13

==== Fri Sep  5 02:35:02 PM KST 2025 ====
카테고리,파일명,장소,방문 날짜,별점,리뷰,조회수,폴더 주인,폴더 마지막 수정 시간
카페,에버랜드,썬더폴스,2024-10-19,5,주차가 불편했지만 음식은 정말 훌륭했어요.,4907,78,2025-01-10 01:48:13
맛집,상암 맛집,상암 김치찌개골목,2024-07-23,4,생각보다 별로였고 재방문은 하지 않을 것 같아요.,4639,91,2025-05-08 01:48:13
문화,강릉,경포대,2025-03-13,4,주차가 불편했지만 음식은 정말 훌륭했어요.,3332,82,2025-01-06 01:48:13
여행,수원,화홍문,2025-02-12,3,생각보다 별로였고 재방문은 하지 않을 것 같아요.,3046,108,2025-04-09 01:48:13
카페,부산,태종대,2024-01-18,1,특별한 날에 방문하기 좋은 분위기였어요.,2863,91,2025-08-12 01:48:13

==== Fri Sep  5 02:36:01 PM KST 2025 ====
카테고리,파일명,장소,방문 날짜,별점,리뷰,조회수,폴더 주인,폴더 마지막 수정 시간
맛집,에버랜드,썬더폴스,2025-05-18,2,서비스가 조금 아쉬웠지만 전체적으로 괜찮았습니다.,4926,91,2025-08-31 01:48:13
맛집,상암 맛집,상암 김치찌개골목,2024-07-23,4,생각보다 별로였고 재방문은 하지 않을 것 같아요.,4644,91,2025-05-08 01:48:13
맛집,강릉,초당순두부거리,2024-10-31,5,가격 대비 만족도가 높아요. 다시 방문하고 싶습니다.,3334,84,2025-08-03 01:48:13
카페,수원,화홍문,2024-10-30,4,가성비 좋은 곳이라 친구들에게 추천하고 싶어요.,3053,86,2025-08-08 01:48:13
맛집,부산,해운대,2024-10-30,5,주차가 불편했지만 음식은 정말 훌륭했어요.,2850,85,2025-02-26 01:48:13

==== Fri Sep  5 02:37:01 PM KST 2025 ====
카테고리,파일명,장소,방문 날짜,별점,리뷰,조회수,폴더 주인,폴더 마지막 수정 시간
여행,에버랜드,튤립정원,2024-07-10,2,가격 대비 만족도가 높아요. 다시 방문하고 싶습니다.,4915,78,2025-04-14 01:48:13
여행,상암 맛집,상암 초밥집,2024-11-06,5,직원분들이 친절해서 기분 좋게 다녀왔습니다.,4683,98,2025-05-22 01:48:13
문화,강릉,경포대,2025-03-13,4,주차가 불편했지만 음식은 정말 훌륭했어요.,3341,82,2025-01-06 01:48:13
여행,수원,수원 화성,2024-11-12,5,맛은 있었지만 양이 조금 부족했어요.,3050,95,2025-08-15 01:48:13
카페,부산,태종대,2024-11-18,1,생각보다 별로였고 재방문은 하지 않을 것 같아요.,2878,78,2025-05-20 01:48:13

==== Fri Sep  5 02:38:01 PM KST 2025 ====
카테고리,파일명,장소,방문 날짜,별점,리뷰,조회수,폴더 주인,폴더 마지막 수정 시간
레저,에버랜드,사파리월드,2025-02-10,3,서비스가 조금 아쉬웠지만 전체적으로 괜찮았습니다.,4920,88,2025-08-10 01:48:13
맛집,상암 맛집,상암 파스타집,2025-01-30,1,서비스가 조금 아쉬웠지만 전체적으로 괜찮았습니다.,4654,88,2025-05-18 01:48:13
레저,강릉,강릉항,2024-05-13,4,가격 대비 만족도가 높아요. 다시 방문하고 싶습니다.,3342,95,2025-07-30 01:48:13
카페,수원,장안문,2025-06-06,3,맛은 있었지만 양이 조금 부족했어요.,3065,76,2025-08-23 01:48:13
맛집,부산,해운대,2024-04-16,3,음식은 평범했지만 인테리어가 예뻤습니다.,2853,93,2025-08-09 01:48:13

==== Fri Sep  5 02:39:01 PM KST 2025 ====
카테고리,파일명,장소,방문 날짜,별점,리뷰,조회수,폴더 주인,폴더 마지막 수정 시간
카페,에버랜드,썬더폴스,2024-10-19,5,주차가 불편했지만 음식은 정말 훌륭했어요.,4924,78,2025-01-10 01:48:13
여행,상암 맛집,상암 초밥집,2024-11-06,5,직원분들이 친절해서 기분 좋게 다녀왔습니다.,4689,98,2025-05-22 01:48:13
여행,강릉,안목해변,2024-06-01,5,직원분들이 친절해서 기분 좋게 다녀왔습니다.,3345,92,2024-11-22 01:48:13
맛집,수원,팔달문 시장,2025-04-07,5,가격 대비 만족도가 높아요. 다시 방문하고 싶습니다.,3056,86,2025-05-21 01:48:13
맛집,부산,해운대,2024-04-16,3,음식은 평범했지만 인테리어가 예뻤습니다.,2854,93,2025-08-09 01:48:13

==== Fri Sep  5 02:40:01 PM KST 2025 ====
카테고리,파일명,장소,방문 날짜,별점,리뷰,조회수,폴더 주인,폴더 마지막 수정 시간
카페,에버랜드,썬더폴스,2024-10-19,5,주차가 불편했지만 음식은 정말 훌륭했어요.,4927,78,2025-01-10 01:48:13
카페,상암 맛집,상암 김치찌개골목,2024-09-25,2,주차가 불편했지만 음식은 정말 훌륭했어요.,4691,85,2025-07-06 01:48:13
레저,강릉,경포대,2025-01-07,5,가성비 좋은 곳이라 친구들에게 추천하고 싶어요.,3344,82,2025-01-06 01:48:13
맛집,수원,장안문,2024-05-07,4,맛은 있었지만 양이 조금 부족했어요.,3075,100,2025-02-14 01:48:13
카페,부산,자갈치시장,2024-09-05,1,가성비 좋은 곳이라 친구들에게 추천하고 싶어요.,2868,111,2024-11-19 01:48:13

==== Fri Sep  5 02:41:01 PM KST 2025 ====
카테고리,파일명,장소,방문 날짜,별점,리뷰,조회수,폴더 주인,폴더 마지막 수정 시간
여행,에버랜드,튤립정원,2024-07-10,2,가격 대비 만족도가 높아요. 다시 방문하고 싶습니다.,4928,78,2025-04-14 01:48:13
맛집,상암 맛집,상암 김치찌개골목,2024-07-23,4,생각보다 별로였고 재방문은 하지 않을 것 같아요.,4655,91,2025-05-08 01:48:13
문화,강릉,경포대,2025-03-13,4,주차가 불편했지만 음식은 정말 훌륭했어요.,3354,82,2025-01-06 01:48:13
맛집,수원,수원 화성,2025-03-16,1,가격 대비 만족도가 높아요. 다시 방문하고 싶습니다.,3064,86,2025-03-15 01:48:13
문화,부산,자갈치시장,2024-08-18,5,음식은 평범했지만 인테리어가 예뻤습니다.,2849,78,2025-07-17 01:48:13

==== Fri Sep  5 02:42:01 PM KST 2025 ====
카테고리,파일명,장소,방문 날짜,별점,리뷰,조회수,폴더 주인,폴더 마지막 수정 시간
문화,에버랜드,튤립정원,2025-04-20,3,생각보다 별로였고 재방문은 하지 않을 것 같아요.,4935,84,2025-02-04 01:48:13
카페,상암 맛집,상암 김치찌개골목,2024-09-25,2,주차가 불편했지만 음식은 정말 훌륭했어요.,4696,85,2025-07-06 01:48:13
맛집,강릉,초당순두부거리,2024-10-31,5,가격 대비 만족도가 높아요. 다시 방문하고 싶습니다.,3352,84,2025-08-03 01:48:13
여행,수원,화홍문,2025-02-12,3,생각보다 별로였고 재방문은 하지 않을 것 같아요.,3063,108,2025-04-09 01:48:13
문화,부산,자갈치시장,2024-08-18,5,음식은 평범했지만 인테리어가 예뻤습니다.,2852,78,2025-07-17 01:48:13

==== Fri Sep  5 02:43:01 PM KST 2025 ====
카테고리,파일명,장소,방문 날짜,별점,리뷰,조회수,폴더 주인,폴더 마지막 수정 시간
카페,에버랜드,썬더폴스,2024-10-19,5,주차가 불편했지만 음식은 정말 훌륭했어요.,4940,78,2025-01-10 01:48:13
문화,상암 맛집,상암 초밥집,2025-03-03,3,직원분들이 친절해서 기분 좋게 다녀왔습니다.,4666,82,2025-06-24 01:48:13
레저,강릉,강릉항,2024-05-13,4,가격 대비 만족도가 높아요. 다시 방문하고 싶습니다.,3362,95,2025-07-30 01:48:13
맛집,수원,장안문,2024-05-07,4,맛은 있었지만 양이 조금 부족했어요.,3081,100,2025-02-14 01:48:13
맛집,부산,해운대,2024-04-16,3,음식은 평범했지만 인테리어가 예뻤습니다.,2866,93,2025-08-09 01:48:13

==== Fri Sep  5 02:44:01 PM KST 2025 ====
카테고리,파일명,장소,방문 날짜,별점,리뷰,조회수,폴더 주인,폴더 마지막 수정 시간
문화,에버랜드,튤립정원,2025-07-27,3,서비스가 조금 아쉬웠지만 전체적으로 괜찮았습니다.,4938,101,2024-12-02 01:48:13
카페,상암 맛집,상암 불백집,2024-07-18,5,가격 대비 만족도가 높아요. 다시 방문하고 싶습니다.,4687,87,2025-05-07 01:48:13
레저,강릉,경포대,2025-01-07,5,가성비 좋은 곳이라 친구들에게 추천하고 싶어요.,3356,82,2025-01-06 01:48:13
맛집,수원,팔달문 시장,2025-04-07,5,가격 대비 만족도가 높아요. 다시 방문하고 싶습니다.,3070,86,2025-05-21 01:48:13
여행,부산,해운대,2024-11-09,4,음식이 정말 맛있었고 분위기도 좋았어요.,2882,93,2025-01-26 01:48:13

==== Fri Sep  5 02:45:01 PM KST 2025 ====
카테고리,파일명,장소,방문 날짜,별점,리뷰,조회수,폴더 주인,폴더 마지막 수정 시간
카페,에버랜드,썬더폴스,2024-10-19,5,주차가 불편했지만 음식은 정말 훌륭했어요.,4946,78,2025-01-10 01:48:13
맛집,상암 맛집,상암 김치찌개골목,2024-07-23,4,생각보다 별로였고 재방문은 하지 않을 것 같아요.,4667,91,2025-05-08 01:48:13
레저,강릉,강릉항,2024-05-13,4,가격 대비 만족도가 높아요. 다시 방문하고 싶습니다.,3366,95,2025-07-30 01:48:13
여행,수원,수원 화성,2024-11-12,5,맛은 있었지만 양이 조금 부족했어요.,3073,95,2025-08-15 01:48:13
맛집,부산,광안리 해수욕장,2024-03-15,5,직원분들이 친절해서 기분 좋게 다녀왔습니다.,2910,88,2024-11-27 01:48:13

==== Fri Sep  5 02:46:01 PM KST 2025 ====
카테고리,파일명,장소,방문 날짜,별점,리뷰,조회수,폴더 주인,폴더 마지막 수정 시간
문화,에버랜드,튤립정원,2025-04-20,3,생각보다 별로였고 재방문은 하지 않을 것 같아요.,4949,84,2025-02-04 01:48:13
레저,상암 맛집,상암 파스타집,2025-04-14,4,직원분들이 친절해서 기분 좋게 다녀왔습니다.,4691,79,2024-11-22 01:48:13
맛집,강릉,초당순두부거리,2024-10-31,5,가격 대비 만족도가 높아요. 다시 방문하고 싶습니다.,3366,84,2025-08-03 01:48:13
여행,수원,화홍문,2025-02-12,3,생각보다 별로였고 재방문은 하지 않을 것 같아요.,3076,108,2025-04-09 01:48:13
여행,부산,해운대,2024-11-09,4,음식이 정말 맛있었고 분위기도 좋았어요.,2886,93,2025-01-26 01:48:13

==== Fri Sep  5 02:47:01 PM KST 2025 ====
카테고리,파일명,장소,방문 날짜,별점,리뷰,조회수,폴더 주인,폴더 마지막 수정 시간
문화,에버랜드,튤립정원,2025-04-20,3,생각보다 별로였고 재방문은 하지 않을 것 같아요.,4953,84,2025-02-04 01:48:13
맛집,상암 맛집,상암 파스타집,2025-01-30,1,서비스가 조금 아쉬웠지만 전체적으로 괜찮았습니다.,4681,88,2025-05-18 01:48:13
카페,강릉,안목해변,2025-07-20,4,직원분들이 친절해서 기분 좋게 다녀왔습니다.,3364,90,2025-01-12 01:48:13
문화,수원,화홍문,2024-02-16,1,직원분들이 친절해서 기분 좋게 다녀왔습니다.,3081,93,2025-03-14 01:48:13
카페,부산,해운대,2025-04-08,5,생각보다 별로였고 재방문은 하지 않을 것 같아요.,2891,93,2025-02-21 01:48:13

==== Fri Sep  5 02:48:01 PM KST 2025 ====
카테고리,파일명,장소,방문 날짜,별점,리뷰,조회수,폴더 주인,폴더 마지막 수정 시간
여행,에버랜드,튤립정원,2024-07-10,2,가격 대비 만족도가 높아요. 다시 방문하고 싶습니다.,4947,78,2025-04-14 01:48:13
맛집,상암 맛집,상암 김치찌개골목,2024-07-23,4,생각보다 별로였고 재방문은 하지 않을 것 같아요.,4674,91,2025-05-08 01:48:13
레저,강릉,경포대,2025-01-07,5,가성비 좋은 곳이라 친구들에게 추천하고 싶어요.,3366,82,2025-01-06 01:48:13
카페,수원,장안문,2025-06-06,3,맛은 있었지만 양이 조금 부족했어요.,3099,76,2025-08-23 01:48:13
여행,부산,태종대,2024-02-21,3,특별한 날에 방문하기 좋은 분위기였어요.,2904,103,2025-04-23 01:48:13

==== Fri Sep  5 02:49:01 PM KST 2025 ====
카테고리,파일명,장소,방문 날짜,별점,리뷰,조회수,폴더 주인,폴더 마지막 수정 시간
맛집,에버랜드,썬더폴스,2025-05-18,2,서비스가 조금 아쉬웠지만 전체적으로 괜찮았습니다.,4965,91,2025-08-31 01:48:13
레저,상암 맛집,상암 초밥집,2024-11-27,4,맛은 있었지만 양이 조금 부족했어요.,4678,101,2025-02-25 01:48:13
여행,강릉,안목해변,2024-06-01,5,직원분들이 친절해서 기분 좋게 다녀왔습니다.,3371,92,2024-11-22 01:48:13
문화,수원,화홍문,2024-02-16,1,직원분들이 친절해서 기분 좋게 다녀왔습니다.,3084,93,2025-03-14 01:48:13
맛집,부산,해운대,2024-04-16,3,음식은 평범했지만 인테리어가 예뻤습니다.,2882,93,2025-08-09 01:48:13

==== Fri Sep  5 02:50:01 PM KST 2025 ====
카테고리,파일명,장소,방문 날짜,별점,리뷰,조회수,폴더 주인,폴더 마지막 수정 시간
카페,에버랜드,썬더폴스,2024-10-19,5,주차가 불편했지만 음식은 정말 훌륭했어요.,4965,78,2025-01-10 01:48:13
레저,상암 맛집,상암 초밥집,2024-11-27,4,맛은 있었지만 양이 조금 부족했어요.,4681,101,2025-02-25 01:48:13
레저,강릉,경포대,2025-01-07,5,가성비 좋은 곳이라 친구들에게 추천하고 싶어요.,3374,82,2025-01-06 01:48:13
레저,수원,장안문,2024-08-30,4,주차가 불편했지만 음식은 정말 훌륭했어요.,3085,92,2025-01-10 01:48:13
카페,부산,해운대,2025-04-08,5,생각보다 별로였고 재방문은 하지 않을 것 같아요.,2903,93,2025-02-21 01:48:13

==== Fri Sep  5 02:51:01 PM KST 2025 ====
카테고리,파일명,장소,방문 날짜,별점,리뷰,조회수,폴더 주인,폴더 마지막 수정 시간
문화,에버랜드,사파리월드,2025-04-14,2,1,4969,81,2025-03-05 01:48:13
카페,상암 맛집,상암 김치찌개골목,2024-09-25,2,주차가 불편했지만 음식은 정말 훌륭했어요.,4727,85,2025-07-06 01:48:13
카페,강릉,안목해변,2025-07-20,4,직원분들이 친절해서 기분 좋게 다녀왔습니다.,3373,90,2025-01-12 01:48:13
맛집,수원,수원 화성,2025-03-16,1,가격 대비 만족도가 높아요. 다시 방문하고 싶습니다.,3101,86,2025-03-15 01:48:13
여행,부산,해운대,2024-06-30,2,특별한 날에 방문하기 좋은 분위기였어요.,2910,71,2025-06-21 01:48:13

==== Fri Sep  5 02:52:01 PM KST 2025 ====
카테고리,파일명,장소,방문 날짜,별점,리뷰,조회수,폴더 주인,폴더 마지막 수정 시간
카페,에버랜드,썬더폴스,2024-10-19,5,주차가 불편했지만 음식은 정말 훌륭했어요.,4974,78,2025-01-10 01:48:13
레저,상암 맛집,상암 파스타집,2025-04-14,4,직원분들이 친절해서 기분 좋게 다녀왔습니다.,4712,79,2024-11-22 01:48:13
레저,강릉,경포대,2025-01-07,5,가성비 좋은 곳이라 친구들에게 추천하고 싶어요.,3380,82,2025-01-06 01:48:13
맛집,수원,수원 화성,2025-03-16,1,가격 대비 만족도가 높아요. 다시 방문하고 싶습니다.,3104,86,2025-03-15 01:48:13
레저,부산,해운대,2025-04-20,4,주차가 불편했지만 음식은 정말 훌륭했어요.,2904,79,2025-08-16 01:48:13

==== Fri Sep  5 02:53:01 PM KST 2025 ====
카테고리,파일명,장소,방문 날짜,별점,리뷰,조회수,폴더 주인,폴더 마지막 수정 시간
카페,에버랜드,썬더폴스,2024-10-19,5,주차가 불편했지만 음식은 정말 훌륭했어요.,4977,78,2025-01-10 01:48:13
레저,상암 맛집,상암 파스타집,2025-04-14,4,직원분들이 친절해서 기분 좋게 다녀왔습니다.,4715,79,2024-11-22 01:48:13
레저,강릉,강릉항,2024-05-13,4,가격 대비 만족도가 높아요. 다시 방문하고 싶습니다.,3388,95,2025-07-30 01:48:13
여행,수원,수원 화성,2024-11-12,5,맛은 있었지만 양이 조금 부족했어요.,3096,95,2025-08-15 01:48:13
카페,부산,해운대,2024-11-29,3,맛은 있었지만 양이 조금 부족했어요.,2906,84,2024-12-04 01:48:13

==== Fri Sep  5 02:54:01 PM KST 2025 ====
카테고리,파일명,장소,방문 날짜,별점,리뷰,조회수,폴더 주인,폴더 마지막 수정 시간
문화,에버랜드,튤립정원,2025-07-27,3,서비스가 조금 아쉬웠지만 전체적으로 괜찮았습니다.,4974,101,2024-12-02 01:48:13
카페,상암 맛집,상암 김치찌개골목,2024-09-25,2,주차가 불편했지만 음식은 정말 훌륭했어요.,4734,85,2025-07-06 01:48:13
카페,강릉,안목해변,2025-07-20,4,직원분들이 친절해서 기분 좋게 다녀왔습니다.,3387,90,2025-01-12 01:48:13
여행,수원,수원 화성,2024-11-12,5,맛은 있었지만 양이 조금 부족했어요.,3099,95,2025-08-15 01:48:13
문화,부산,자갈치시장,2024-08-18,5,음식은 평범했지만 인테리어가 예뻤습니다.,2887,78,2025-07-17 01:48:13

==== Fri Sep  5 02:55:01 PM KST 2025 ====
카테고리,파일명,장소,방문 날짜,별점,리뷰,조회수,폴더 주인,폴더 마지막 수정 시간
문화,에버랜드,튤립정원,2025-07-27,3,서비스가 조금 아쉬웠지만 전체적으로 괜찮았습니다.,4975,101,2024-12-02 01:48:13
카페,상암 맛집,상암 김치찌개골목,2024-09-25,2,주차가 불편했지만 음식은 정말 훌륭했어요.,4739,85,2025-07-06 01:48:13
레저,강릉,강릉항,2024-05-13,4,가격 대비 만족도가 높아요. 다시 방문하고 싶습니다.,3394,95,2025-07-30 01:48:13
카페,수원,화홍문,2024-10-30,4,가성비 좋은 곳이라 친구들에게 추천하고 싶어요.,3106,86,2025-08-08 01:48:13
맛집,부산,해운대,2024-10-30,5,주차가 불편했지만 음식은 정말 훌륭했어요.,2909,85,2025-02-26 01:48:13

==== Fri Sep  5 02:56:01 PM KST 2025 ====
카테고리,파일명,장소,방문 날짜,별점,리뷰,조회수,폴더 주인,폴더 마지막 수정 시간
레저,에버랜드,사파리월드,2025-02-10,3,서비스가 조금 아쉬웠지만 전체적으로 괜찮았습니다.,4978,88,2025-08-10 01:48:13
맛집,상암 맛집,상암 김치찌개골목,2024-07-23,4,생각보다 별로였고 재방문은 하지 않을 것 같아요.,4691,91,2025-05-08 01:48:13
레저,강릉,강릉항,2024-05-13,4,가격 대비 만족도가 높아요. 다시 방문하고 싶습니다.,3398,95,2025-07-30 01:48:13
여행,수원,화홍문,2025-02-12,3,생각보다 별로였고 재방문은 하지 않을 것 같아요.,3106,108,2025-04-09 01:48:13
문화,부산,자갈치시장,2024-08-18,5,음식은 평범했지만 인테리어가 예뻤습니다.,2891,78,2025-07-17 01:48:13

==== Fri Sep  5 02:57:02 PM KST 2025 ====
카테고리,파일명,장소,방문 날짜,별점,리뷰,조회수,폴더 주인,폴더 마지막 수정 시간
여행,에버랜드,튤립정원,2024-07-10,2,가격 대비 만족도가 높아요. 다시 방문하고 싶습니다.,4972,78,2025-04-14 01:48:13
맛집,상암 맛집,상암 파스타집,2025-01-30,1,서비스가 조금 아쉬웠지만 전체적으로 괜찮았습니다.,4704,88,2025-05-18 01:48:13
여행,강릉,안목해변,2024-06-01,5,직원분들이 친절해서 기분 좋게 다녀왔습니다.,3388,92,2024-11-22 01:48:13
여행,수원,장안문,2024-05-18,3,서비스가 조금 아쉬웠지만 전체적으로 괜찮았습니다.,3130,76,2025-03-05 01:48:13
맛집,부산,해운대,2024-04-16,3,음식은 평범했지만 인테리어가 예뻤습니다.,2907,93,2025-08-09 01:48:13

==== Fri Sep  5 02:58:01 PM KST 2025 ====
카테고리,파일명,장소,방문 날짜,별점,리뷰,조회수,폴더 주인,폴더 마지막 수정 시간
레저,에버랜드,사파리월드,2025-02-10,3,서비스가 조금 아쉬웠지만 전체적으로 괜찮았습니다.,4985,88,2025-08-10 01:48:13
문화,상암 맛집,상암 초밥집,2025-03-03,3,직원분들이 친절해서 기분 좋게 다녀왔습니다.,4700,82,2025-06-24 01:48:13
여행,강릉,안목해변,2024-06-01,5,직원분들이 친절해서 기분 좋게 다녀왔습니다.,3390,92,2024-11-22 01:48:13
문화,수원,화홍문,2024-02-16,1,직원분들이 친절해서 기분 좋게 다녀왔습니다.,3107,93,2025-03-14 01:48:13
여행,부산,해운대,2024-11-09,4,음식이 정말 맛있었고 분위기도 좋았어요.,2914,93,2025-01-26 01:48:13

==== Fri Sep  5 02:59:01 PM KST 2025 ====
카테고리,파일명,장소,방문 날짜,별점,리뷰,조회수,폴더 주인,폴더 마지막 수정 시간
여행,에버랜드,튤립정원,2024-07-10,2,가격 대비 만족도가 높아요. 다시 방문하고 싶습니다.,4976,78,2025-04-14 01:48:13
카페,상암 맛집,상암 불백집,2024-07-18,5,가격 대비 만족도가 높아요. 다시 방문하고 싶습니다.,4733,87,2025-05-07 01:48:13
문화,강릉,경포대,2025-03-13,4,주차가 불편했지만 음식은 정말 훌륭했어요.,3411,82,2025-01-06 01:48:13
여행,수원,팔달문 시장,2024-06-02,5,가격 대비 만족도가 높아요. 다시 방문하고 싶습니다.,3127,83,2024-11-17 01:48:13
맛집,부산,해운대,2024-04-16,3,음식은 평범했지만 인테리어가 예뻤습니다.,2916,93,2025-08-09 01:48:13

==== Fri Sep  5 03:00:01 PM KST 2025 ====
카테고리,파일명,장소,방문 날짜,별점,리뷰,조회수,폴더 주인,폴더 마지막 수정 시간
레저,에버랜드,사파리월드,2025-02-10,3,서비스가 조금 아쉬웠지만 전체적으로 괜찮았습니다.,4991,88,2025-08-10 01:48:13
여행,상암 맛집,상암 초밥집,2024-11-06,5,직원분들이 친절해서 기분 좋게 다녀왔습니다.,4735,98,2025-05-22 01:48:13
레저,강릉,강릉항,2024-05-13,4,가격 대비 만족도가 높아요. 다시 방문하고 싶습니다.,3410,95,2025-07-30 01:48:13
맛집,수원,수원 화성,2025-03-16,1,가격 대비 만족도가 높아요. 다시 방문하고 싶습니다.,3124,86,2025-03-15 01:48:13
레저,부산,태종대,2025-08-19,1,1,2941,103,2025-03-15 01:48:13

==== Fri Sep  5 03:01:01 PM KST 2025 ====
카테고리,파일명,장소,방문 날짜,별점,리뷰,조회수,폴더 주인,폴더 마지막 수정 시간
문화,에버랜드,튤립정원,2025-04-20,3,생각보다 별로였고 재방문은 하지 않을 것 같아요.,4997,84,2025-02-04 01:48:13
맛집,상암 맛집,상암 파스타집,2025-01-30,1,서비스가 조금 아쉬웠지만 전체적으로 괜찮았습니다.,4721,88,2025-05-18 01:48:13
레저,강릉,강릉항,2024-05-13,4,가격 대비 만족도가 높아요. 다시 방문하고 싶습니다.,3412,95,2025-07-30 01:48:13
문화,수원,화홍문,2024-02-16,1,직원분들이 친절해서 기분 좋게 다녀왔습니다.,3115,93,2025-03-14 01:48:13
여행,부산,해운대,2024-11-09,4,음식이 정말 맛있었고 분위기도 좋았어요.,2920,93,2025-01-26 01:48:13

==== Fri Sep  5 03:02:01 PM KST 2025 ====
카테고리,파일명,장소,방문 날짜,별점,리뷰,조회수,폴더 주인,폴더 마지막 수정 시간
카페,에버랜드,썬더폴스,2024-10-19,5,주차가 불편했지만 음식은 정말 훌륭했어요.,5011,78,2025-01-10 01:48:13
레저,상암 맛집,상암 파스타집,2025-04-14,4,직원분들이 친절해서 기분 좋게 다녀왔습니다.,4743,79,2024-11-22 01:48:13
맛집,강릉,초당순두부거리,2024-10-31,5,가격 대비 만족도가 높아요. 다시 방문하고 싶습니다.,3410,84,2025-08-03 01:48:13
맛집,수원,수원 화성,2025-03-16,1,가격 대비 만족도가 높아요. 다시 방문하고 싶습니다.,3130,86,2025-03-15 01:48:13
여행,부산,해운대,2024-06-30,2,특별한 날에 방문하기 좋은 분위기였어요.,2937,71,2025-06-21 01:48:13

==== Fri Sep  5 03:03:01 PM KST 2025 ====
카테고리,파일명,장소,방문 날짜,별점,리뷰,조회수,폴더 주인,폴더 마지막 수정 시간
문화,에버랜드,사파리월드,2025-04-14,2,1,5014,81,2025-03-05 01:48:13
카페,상암 맛집,상암 불백집,2024-07-18,5,가격 대비 만족도가 높아요. 다시 방문하고 싶습니다.,4746,87,2025-05-07 01:48:13
문화,강릉,경포대,2025-03-13,4,주차가 불편했지만 음식은 정말 훌륭했어요.,3425,82,2025-01-06 01:48:13
여행,수원,팔달문 시장,2024-06-02,5,가격 대비 만족도가 높아요. 다시 방문하고 싶습니다.,3139,83,2024-11-17 01:48:13
카페,부산,해운대,2025-04-08,5,생각보다 별로였고 재방문은 하지 않을 것 같아요.,2941,93,2025-02-21 01:48:13

==== Fri Sep  5 03:04:01 PM KST 2025 ====
카테고리,파일명,장소,방문 날짜,별점,리뷰,조회수,폴더 주인,폴더 마지막 수정 시간
맛집,에버랜드,썬더폴스,2025-05-18,2,서비스가 조금 아쉬웠지만 전체적으로 괜찮았습니다.,5012,91,2025-08-31 01:48:13
카페,상암 맛집,상암 불백집,2024-07-18,5,가격 대비 만족도가 높아요. 다시 방문하고 싶습니다.,4747,87,2025-05-07 01:48:13
레저,강릉,강릉항,2024-05-13,4,가격 대비 만족도가 높아요. 다시 방문하고 싶습니다.,3420,95,2025-07-30 01:48:13
맛집,수원,팔달문 시장,2025-04-07,5,가격 대비 만족도가 높아요. 다시 방문하고 싶습니다.,3130,86,2025-05-21 01:48:13
맛집,부산,해운대,2024-04-16,3,음식은 평범했지만 인테리어가 예뻤습니다.,2935,93,2025-08-09 01:48:13

==== Fri Sep  5 03:05:01 PM KST 2025 ====
카테고리,파일명,장소,방문 날짜,별점,리뷰,조회수,폴더 주인,폴더 마지막 수정 시간
카페,에버랜드,썬더폴스,2024-10-19,5,주차가 불편했지만 음식은 정말 훌륭했어요.,5018,78,2025-01-10 01:48:13
문화,상암 맛집,상암 초밥집,2025-03-03,3,직원분들이 친절해서 기분 좋게 다녀왔습니다.,4724,82,2025-06-24 01:48:13
레저,강릉,강릉항,2024-05-13,4,가격 대비 만족도가 높아요. 다시 방문하고 싶습니다.,3421,95,2025-07-30 01:48:13
맛집,수원,수원 화성,2025-03-16,1,가격 대비 만족도가 높아요. 다시 방문하고 싶습니다.,3141,86,2025-03-15 01:48:13
카페,부산,해운대,2024-11-29,3,맛은 있었지만 양이 조금 부족했어요.,2936,84,2024-12-04 01:48:13

==== Fri Sep  5 03:06:01 PM KST 2025 ====
카테고리,파일명,장소,방문 날짜,별점,리뷰,조회수,폴더 주인,폴더 마지막 수정 시간
문화,에버랜드,튤립정원,2025-04-20,3,생각보다 별로였고 재방문은 하지 않을 것 같아요.,5012,84,2025-02-04 01:48:13
문화,상암 맛집,상암 초밥집,2025-03-03,3,직원분들이 친절해서 기분 좋게 다녀왔습니다.,4729,82,2025-06-24 01:48:13
카페,강릉,안목해변,2025-07-20,4,직원분들이 친절해서 기분 좋게 다녀왔습니다.,3421,90,2025-01-12 01:48:13
문화,수원,화홍문,2024-02-16,1,직원분들이 친절해서 기분 좋게 다녀왔습니다.,3130,93,2025-03-14 01:48:13
여행,부산,해운대,2024-06-30,2,특별한 날에 방문하기 좋은 분위기였어요.,2955,71,2025-06-21 01:48:13

==== Fri Sep  5 03:07:01 PM KST 2025 ====
카테고리,파일명,장소,방문 날짜,별점,리뷰,조회수,폴더 주인,폴더 마지막 수정 시간
카페,에버랜드,썬더폴스,2024-10-19,5,주차가 불편했지만 음식은 정말 훌륭했어요.,5023,78,2025-01-10 01:48:13
맛집,상암 맛집,상암 김치찌개골목,2024-07-23,4,생각보다 별로였고 재방문은 하지 않을 것 같아요.,4719,91,2025-05-08 01:48:13
레저,강릉,경포대,2025-01-07,5,가성비 좋은 곳이라 친구들에게 추천하고 싶어요.,3424,82,2025-01-06 01:48:13
맛집,수원,장안문,2024-05-07,4,맛은 있었지만 양이 조금 부족했어요.,3152,100,2025-02-14 01:48:13
레저,부산,태종대,2025-08-19,1,1,2957,103,2025-03-15 01:48:13

==== Fri Sep  5 03:08:01 PM KST 2025 ====
카테고리,파일명,장소,방문 날짜,별점,리뷰,조회수,폴더 주인,폴더 마지막 수정 시간
문화,에버랜드,사파리월드,2025-04-14,2,1,5028,81,2025-03-05 01:48:13
카페,상암 맛집,상암 불백집,2024-07-18,5,가격 대비 만족도가 높아요. 다시 방문하고 싶습니다.,4760,87,2025-05-07 01:48:13
카페,강릉,안목해변,2025-07-20,4,직원분들이 친절해서 기분 좋게 다녀왔습니다.,3424,90,2025-01-12 01:48:13
여행,수원,팔달문 시장,2024-06-02,5,가격 대비 만족도가 높아요. 다시 방문하고 싶습니다.,3156,83,2024-11-17 01:48:13
문화,부산,자갈치시장,2024-08-18,5,음식은 평범했지만 인테리어가 예뻤습니다.,2930,78,2025-07-17 01:48:13

==== Fri Sep  5 03:09:01 PM KST 2025 ====
카테고리,파일명,장소,방문 날짜,별점,리뷰,조회수,폴더 주인,폴더 마지막 수정 시간
여행,에버랜드,튤립정원,2024-07-10,2,가격 대비 만족도가 높아요. 다시 방문하고 싶습니다.,4994,78,2025-04-14 01:48:13
맛집,상암 맛집,상암 파스타집,2025-01-30,1,서비스가 조금 아쉬웠지만 전체적으로 괜찮았습니다.,4745,88,2025-05-18 01:48:13
레저,강릉,경포대,2025-01-07,5,가성비 좋은 곳이라 친구들에게 추천하고 싶어요.,3432,82,2025-01-06 01:48:13
레저,수원,장안문,2024-08-30,4,주차가 불편했지만 음식은 정말 훌륭했어요.,3137,92,2025-01-10 01:48:13
문화,부산,자갈치시장,2024-08-18,5,음식은 평범했지만 인테리어가 예뻤습니다.,2934,78,2025-07-17 01:48:13

==== Fri Sep  5 03:10:01 PM KST 2025 ====
카테고리,파일명,장소,방문 날짜,별점,리뷰,조회수,폴더 주인,폴더 마지막 수정 시간
레저,에버랜드,사파리월드,2025-02-10,3,서비스가 조금 아쉬웠지만 전체적으로 괜찮았습니다.,5028,88,2025-08-10 01:48:13
카페,상암 맛집,상암 김치찌개골목,2024-09-25,2,주차가 불편했지만 음식은 정말 훌륭했어요.,4785,85,2025-07-06 01:48:13
문화,강릉,경포대,2025-03-13,4,주차가 불편했지만 음식은 정말 훌륭했어요.,3444,82,2025-01-06 01:48:13
여행,수원,장안문,2024-05-18,3,서비스가 조금 아쉬웠지만 전체적으로 괜찮았습니다.,3166,76,2025-03-05 01:48:13
카페,부산,자갈치시장,2024-09-05,1,가성비 좋은 곳이라 친구들에게 추천하고 싶어요.,2970,111,2024-11-19 01:48:13

==== Fri Sep  5 03:11:01 PM KST 2025 ====
카테고리,파일명,장소,방문 날짜,별점,리뷰,조회수,폴더 주인,폴더 마지막 수정 시간
문화,에버랜드,사파리월드,2025-04-14,2,1,5034,81,2025-03-05 01:48:13
맛집,상암 맛집,상암 파스타집,2025-01-30,1,서비스가 조금 아쉬웠지만 전체적으로 괜찮았습니다.,4747,88,2025-05-18 01:48:13
카페,강릉,안목해변,2025-07-20,4,직원분들이 친절해서 기분 좋게 다녀왔습니다.,3431,90,2025-01-12 01:48:13
레저,수원,장안문,2024-08-30,4,주차가 불편했지만 음식은 정말 훌륭했어요.,3141,92,2025-01-10 01:48:13
맛집,부산,광안리 해수욕장,2024-03-15,5,직원분들이 친절해서 기분 좋게 다녀왔습니다.,2979,88,2024-11-27 01:48:13

==== Fri Sep  5 03:12:01 PM KST 2025 ====
카테고리,파일명,장소,방문 날짜,별점,리뷰,조회수,폴더 주인,폴더 마지막 수정 시간
여행,에버랜드,튤립정원,2024-07-10,2,가격 대비 만족도가 높아요. 다시 방문하고 싶습니다.,5005,78,2025-04-14 01:48:13
맛집,상암 맛집,상암 김치찌개골목,2024-07-23,4,생각보다 별로였고 재방문은 하지 않을 것 같아요.,4734,91,2025-05-08 01:48:13
여행,강릉,안목해변,2024-06-01,5,직원분들이 친절해서 기분 좋게 다녀왔습니다.,3425,92,2024-11-22 01:48:13
맛집,수원,장안문,2024-05-07,4,맛은 있었지만 양이 조금 부족했어요.,3169,100,2025-02-14 01:48:13
여행,부산,태종대,2024-02-21,3,특별한 날에 방문하기 좋은 분위기였어요.,2991,103,2025-04-23 01:48:13

==== Fri Sep  5 03:13:01 PM KST 2025 ====
카테고리,파일명,장소,방문 날짜,별점,리뷰,조회수,폴더 주인,폴더 마지막 수정 시간
레저,에버랜드,사파리월드,2025-02-10,3,서비스가 조금 아쉬웠지만 전체적으로 괜찮았습니다.,5040,88,2025-08-10 01:48:13
카페,상암 맛집,상암 불백집,2024-07-18,5,가격 대비 만족도가 높아요. 다시 방문하고 싶습니다.,4776,87,2025-05-07 01:48:13
맛집,강릉,초당순두부거리,2024-10-31,5,가격 대비 만족도가 높아요. 다시 방문하고 싶습니다.,3444,84,2025-08-03 01:48:13
맛집,수원,팔달문 시장,2025-04-07,5,가격 대비 만족도가 높아요. 다시 방문하고 싶습니다.,3153,86,2025-05-21 01:48:13
맛집,부산,광안리 해수욕장,2024-03-15,5,직원분들이 친절해서 기분 좋게 다녀왔습니다.,2984,88,2024-11-27 01:48:13

==== Fri Sep  5 03:14:01 PM KST 2025 ====
카테고리,파일명,장소,방문 날짜,별점,리뷰,조회수,폴더 주인,폴더 마지막 수정 시간
카페,에버랜드,썬더폴스,2024-10-19,5,주차가 불편했지만 음식은 정말 훌륭했어요.,5045,78,2025-01-10 01:48:13
레저,상암 맛집,상암 파스타집,2025-04-14,4,직원분들이 친절해서 기분 좋게 다녀왔습니다.,4775,79,2024-11-22 01:48:13
레저,강릉,강릉항,2024-05-13,4,가격 대비 만족도가 높아요. 다시 방문하고 싶습니다.,3447,95,2025-07-30 01:48:13
문화,수원,화홍문,2024-02-16,1,직원분들이 친절해서 기분 좋게 다녀왔습니다.,3151,93,2025-03-14 01:48:13
맛집,부산,해운대,2024-10-30,5,주차가 불편했지만 음식은 정말 훌륭했어요.,2965,85,2025-02-26 01:48:13

==== Fri Sep  5 03:15:01 PM KST 2025 ====
카테고리,파일명,장소,방문 날짜,별점,리뷰,조회수,폴더 주인,폴더 마지막 수정 시간
카페,에버랜드,썬더폴스,2024-10-19,5,주차가 불편했지만 음식은 정말 훌륭했어요.,5046,78,2025-01-10 01:48:13
맛집,상암 맛집,상암 김치찌개골목,2024-07-23,4,생각보다 별로였고 재방문은 하지 않을 것 같아요.,4746,91,2025-05-08 01:48:13
여행,강릉,안목해변,2024-06-01,5,직원분들이 친절해서 기분 좋게 다녀왔습니다.,3432,92,2024-11-22 01:48:13
맛집,수원,수원 화성,2025-03-16,1,가격 대비 만족도가 높아요. 다시 방문하고 싶습니다.,3169,86,2025-03-15 01:48:13
여행,부산,해운대,2024-11-09,4,음식이 정말 맛있었고 분위기도 좋았어요.,2972,93,2025-01-26 01:48:13

==== Fri Sep  5 03:16:01 PM KST 2025 ====
카테고리,파일명,장소,방문 날짜,별점,리뷰,조회수,폴더 주인,폴더 마지막 수정 시간
문화,에버랜드,튤립정원,2025-07-27,3,서비스가 조금 아쉬웠지만 전체적으로 괜찮았습니다.,5052,101,2024-12-02 01:48:13
맛집,상암 맛집,상암 김치찌개골목,2024-07-23,4,생각보다 별로였고 재방문은 하지 않을 것 같아요.,4747,91,2025-05-08 01:48:13
레저,강릉,강릉항,2024-05-13,4,가격 대비 만족도가 높아요. 다시 방문하고 싶습니다.,3454,95,2025-07-30 01:48:13
카페,수원,장안문,2025-06-06,3,맛은 있었지만 양이 조금 부족했어요.,3187,76,2025-08-23 01:48:13
여행,부산,해운대,2024-06-30,2,특별한 날에 방문하기 좋은 분위기였어요.,2986,71,2025-06-21 01:48:13

==== Fri Sep  5 03:17:01 PM KST 2025 ====
카테고리,파일명,장소,방문 날짜,별점,리뷰,조회수,폴더 주인,폴더 마지막 수정 시간
카페,에버랜드,썬더폴스,2024-10-19,5,주차가 불편했지만 음식은 정말 훌륭했어요.,5052,78,2025-01-10 01:48:13
카페,상암 맛집,상암 김치찌개골목,2024-09-25,2,주차가 불편했지만 음식은 정말 훌륭했어요.,4805,85,2025-07-06 01:48:13
맛집,강릉,초당순두부거리,2024-10-31,5,가격 대비 만족도가 높아요. 다시 방문하고 싶습니다.,3460,84,2025-08-03 01:48:13
맛집,수원,수원 화성,2025-03-16,1,가격 대비 만족도가 높아요. 다시 방문하고 싶습니다.,3171,86,2025-03-15 01:48:13
카페,부산,해운대,2024-11-29,3,맛은 있었지만 양이 조금 부족했어요.,2974,84,2024-12-04 01:48:13

==== Fri Sep  5 03:18:01 PM KST 2025 ====
카테고리,파일명,장소,방문 날짜,별점,리뷰,조회수,폴더 주인,폴더 마지막 수정 시간
여행,에버랜드,튤립정원,2024-07-10,2,가격 대비 만족도가 높아요. 다시 방문하고 싶습니다.,5021,78,2025-04-14 01:48:13
레저,상암 맛집,상암 초밥집,2024-11-27,4,맛은 있었지만 양이 조금 부족했어요.,4763,101,2025-02-25 01:48:13
레저,강릉,강릉항,2024-05-13,4,가격 대비 만족도가 높아요. 다시 방문하고 싶습니다.,3459,95,2025-07-30 01:48:13
카페,수원,화홍문,2024-10-30,4,가성비 좋은 곳이라 친구들에게 추천하고 싶어요.,3160,86,2025-08-08 01:48:13
레저,부산,해운대,2025-04-20,4,주차가 불편했지만 음식은 정말 훌륭했어요.,2977,79,2025-08-16 01:48:13

==== Fri Sep  5 03:19:01 PM KST 2025 ====
카테고리,파일명,장소,방문 날짜,별점,리뷰,조회수,폴더 주인,폴더 마지막 수정 시간
문화,에버랜드,사파리월드,2025-04-14,2,1,5057,81,2025-03-05 01:48:13
카페,상암 맛집,상암 불백집,2024-07-18,5,가격 대비 만족도가 높아요. 다시 방문하고 싶습니다.,4790,87,2025-05-07 01:48:13
레저,강릉,강릉항,2024-05-13,4,가격 대비 만족도가 높아요. 다시 방문하고 싶습니다.,3464,95,2025-07-30 01:48:13
맛집,수원,수원 화성,2025-03-16,1,가격 대비 만족도가 높아요. 다시 방문하고 싶습니다.,3176,86,2025-03-15 01:48:13
여행,부산,태종대,2024-02-21,3,특별한 날에 방문하기 좋은 분위기였어요.,3009,103,2025-04-23 01:48:13

==== Fri Sep  5 03:20:01 PM KST 2025 ====
카테고리,파일명,장소,방문 날짜,별점,리뷰,조회수,폴더 주인,폴더 마지막 수정 시간
문화,에버랜드,튤립정원,2025-04-20,3,생각보다 별로였고 재방문은 하지 않을 것 같아요.,5059,84,2025-02-04 01:48:13
문화,상암 맛집,상암 초밥집,2025-03-03,3,직원분들이 친절해서 기분 좋게 다녀왔습니다.,4782,82,2025-06-24 01:48:13
맛집,강릉,초당순두부거리,2024-10-31,5,가격 대비 만족도가 높아요. 다시 방문하고 싶습니다.,3470,84,2025-08-03 01:48:13
문화,수원,화홍문,2024-02-16,1,직원분들이 친절해서 기분 좋게 다녀왔습니다.,3176,93,2025-03-14 01:48:13
레저,부산,해운대,2025-04-20,4,주차가 불편했지만 음식은 정말 훌륭했어요.,2985,79,2025-08-16 01:48:13

==== Fri Sep  5 03:21:01 PM KST 2025 ====
카테고리,파일명,장소,방문 날짜,별점,리뷰,조회수,폴더 주인,폴더 마지막 수정 시간
카페,에버랜드,썬더폴스,2024-10-19,5,주차가 불편했지만 음식은 정말 훌륭했어요.,5064,78,2025-01-10 01:48:13
여행,상암 맛집,상암 초밥집,2024-11-06,5,직원분들이 친절해서 기분 좋게 다녀왔습니다.,4805,98,2025-05-22 01:48:13
카페,강릉,안목해변,2025-07-20,4,직원분들이 친절해서 기분 좋게 다녀왔습니다.,3453,90,2025-01-12 01:48:13
맛집,수원,팔달문 시장,2025-04-07,5,가격 대비 만족도가 높아요. 다시 방문하고 싶습니다.,3173,86,2025-05-21 01:48:13
카페,부산,태종대,2024-11-18,1,생각보다 별로였고 재방문은 하지 않을 것 같아요.,3015,78,2025-05-20 01:48:13

==== Fri Sep  5 03:22:02 PM KST 2025 ====
카테고리,파일명,장소,방문 날짜,별점,리뷰,조회수,폴더 주인,폴더 마지막 수정 시간
레저,에버랜드,사파리월드,2025-02-10,3,서비스가 조금 아쉬웠지만 전체적으로 괜찮았습니다.,5073,88,2025-08-10 01:48:13
레저,상암 맛집,상암 파스타집,2025-04-14,4,직원분들이 친절해서 기분 좋게 다녀왔습니다.,4802,79,2024-11-22 01:48:13
카페,강릉,안목해변,2025-07-20,4,직원분들이 친절해서 기분 좋게 다녀왔습니다.,3454,90,2025-01-12 01:48:13
레저,수원,장안문,2024-08-30,4,주차가 불편했지만 음식은 정말 훌륭했어요.,3181,92,2025-01-10 01:48:13
맛집,부산,해운대,2024-10-30,5,주차가 불편했지만 음식은 정말 훌륭했어요.,2992,85,2025-02-26 01:48:13

==== Fri Sep  5 03:23:01 PM KST 2025 ====
카테고리,파일명,장소,방문 날짜,별점,리뷰,조회수,폴더 주인,폴더 마지막 수정 시간
맛집,에버랜드,썬더폴스,2025-05-18,2,서비스가 조금 아쉬웠지만 전체적으로 괜찮았습니다.,5068,91,2025-08-31 01:48:13
맛집,상암 맛집,상암 김치찌개골목,2024-07-23,4,생각보다 별로였고 재방문은 하지 않을 것 같아요.,4769,91,2025-05-08 01:48:13
맛집,강릉,초당순두부거리,2024-10-31,5,가격 대비 만족도가 높아요. 다시 방문하고 싶습니다.,3479,84,2025-08-03 01:48:13
레저,수원,장안문,2024-08-30,4,주차가 불편했지만 음식은 정말 훌륭했어요.,3183,92,2025-01-10 01:48:13
맛집,부산,광안리 해수욕장,2024-03-15,5,직원분들이 친절해서 기분 좋게 다녀왔습니다.,3010,88,2024-11-27 01:48:13

==== Fri Sep  5 03:24:01 PM KST 2025 ====
카테고리,파일명,장소,방문 날짜,별점,리뷰,조회수,폴더 주인,폴더 마지막 수정 시간
문화,에버랜드,사파리월드,2025-04-14,2,1,5066,81,2025-03-05 01:48:13
카페,상암 맛집,상암 불백집,2024-07-18,5,가격 대비 만족도가 높아요. 다시 방문하고 싶습니다.,4804,87,2025-05-07 01:48:13
레저,강릉,경포대,2025-01-07,5,가성비 좋은 곳이라 친구들에게 추천하고 싶어요.,3468,82,2025-01-06 01:48:13
카페,수원,화홍문,2024-10-30,4,가성비 좋은 곳이라 친구들에게 추천하고 싶어요.,3175,86,2025-08-08 01:48:13
문화,부산,자갈치시장,2024-08-18,5,음식은 평범했지만 인테리어가 예뻤습니다.,2982,78,2025-07-17 01:48:13

==== Fri Sep  5 03:25:01 PM KST 2025 ====
카테고리,파일명,장소,방문 날짜,별점,리뷰,조회수,폴더 주인,폴더 마지막 수정 시간
문화,에버랜드,튤립정원,2025-04-20,3,생각보다 별로였고 재방문은 하지 않을 것 같아요.,5077,84,2025-02-04 01:48:13
카페,상암 맛집,상암 김치찌개골목,2024-09-25,2,주차가 불편했지만 음식은 정말 훌륭했어요.,4832,85,2025-07-06 01:48:13
카페,강릉,안목해변,2025-07-20,4,직원분들이 친절해서 기분 좋게 다녀왔습니다.,3460,90,2025-01-12 01:48:13
맛집,수원,수원 화성,2025-03-16,1,가격 대비 만족도가 높아요. 다시 방문하고 싶습니다.,3194,86,2025-03-15 01:48:13
맛집,부산,해운대,2024-10-30,5,주차가 불편했지만 음식은 정말 훌륭했어요.,3001,85,2025-02-26 01:48:13

==== Fri Sep  5 03:26:01 PM KST 2025 ====
카테고리,파일명,장소,방문 날짜,별점,리뷰,조회수,폴더 주인,폴더 마지막 수정 시간
문화,에버랜드,튤립정원,2025-04-20,3,생각보다 별로였고 재방문은 하지 않을 것 같아요.,5082,84,2025-02-04 01:48:13
맛집,상암 맛집,상암 김치찌개골목,2024-07-23,4,생각보다 별로였고 재방문은 하지 않을 것 같아요.,4775,91,2025-05-08 01:48:13
레저,강릉,강릉항,2024-05-13,4,가격 대비 만족도가 높아요. 다시 방문하고 싶습니다.,3484,95,2025-07-30 01:48:13
맛집,수원,수원 화성,2025-03-16,1,가격 대비 만족도가 높아요. 다시 방문하고 싶습니다.,3199,86,2025-03-15 01:48:13
여행,부산,해운대,2024-11-09,4,음식이 정말 맛있었고 분위기도 좋았어요.,3003,93,2025-01-26 01:48:13

==== Fri Sep  5 03:27:01 PM KST 2025 ====
카테고리,파일명,장소,방문 날짜,별점,리뷰,조회수,폴더 주인,폴더 마지막 수정 시간
맛집,에버랜드,썬더폴스,2025-05-18,2,서비스가 조금 아쉬웠지만 전체적으로 괜찮았습니다.,5078,91,2025-08-31 01:48:13
문화,상암 맛집,상암 초밥집,2025-03-03,3,직원분들이 친절해서 기분 좋게 다녀왔습니다.,4801,82,2025-06-24 01:48:13
맛집,강릉,초당순두부거리,2024-10-31,5,가격 대비 만족도가 높아요. 다시 방문하고 싶습니다.,3492,84,2025-08-03 01:48:13
여행,수원,화홍문,2025-02-12,3,생각보다 별로였고 재방문은 하지 않을 것 같아요.,3197,108,2025-04-09 01:48:13
맛집,부산,해운대,2024-04-16,3,음식은 평범했지만 인테리어가 예뻤습니다.,3009,93,2025-08-09 01:48:13

==== Fri Sep  5 03:28:01 PM KST 2025 ====
카테고리,파일명,장소,방문 날짜,별점,리뷰,조회수,폴더 주인,폴더 마지막 수정 시간
카페,에버랜드,썬더폴스,2024-10-19,5,주차가 불편했지만 음식은 정말 훌륭했어요.,5086,78,2025-01-10 01:48:13
카페,상암 맛집,상암 불백집,2024-07-18,5,가격 대비 만족도가 높아요. 다시 방문하고 싶습니다.,4815,87,2025-05-07 01:48:13
카페,강릉,안목해변,2025-07-20,4,직원분들이 친절해서 기분 좋게 다녀왔습니다.,3470,90,2025-01-12 01:48:13
카페,수원,화홍문,2024-10-30,4,가성비 좋은 곳이라 친구들에게 추천하고 싶어요.,3190,86,2025-08-08 01:48:13
카페,부산,태종대,2024-01-18,1,특별한 날에 방문하기 좋은 분위기였어요.,3028,91,2025-08-12 01:48:13

==== Fri Sep  5 03:29:01 PM KST 2025 ====
카테고리,파일명,장소,방문 날짜,별점,리뷰,조회수,폴더 주인,폴더 마지막 수정 시간
맛집,에버랜드,썬더폴스,2025-05-18,2,서비스가 조금 아쉬웠지만 전체적으로 괜찮았습니다.,5084,91,2025-08-31 01:48:13
맛집,상암 맛집,상암 파스타집,2025-01-30,1,서비스가 조금 아쉬웠지만 전체적으로 괜찮았습니다.,4800,88,2025-05-18 01:48:13
여행,강릉,안목해변,2024-06-01,5,직원분들이 친절해서 기분 좋게 다녀왔습니다.,3473,92,2024-11-22 01:48:13
문화,수원,화홍문,2024-02-16,1,직원분들이 친절해서 기분 좋게 다녀왔습니다.,3200,93,2025-03-14 01:48:13
카페,부산,태종대,2024-11-18,1,생각보다 별로였고 재방문은 하지 않을 것 같아요.,3033,78,2025-05-20 01:48:13

==== Fri Sep  5 03:30:01 PM KST 2025 ====
카테고리,파일명,장소,방문 날짜,별점,리뷰,조회수,폴더 주인,폴더 마지막 수정 시간
카페,에버랜드,썬더폴스,2024-10-19,5,주차가 불편했지만 음식은 정말 훌륭했어요.,5093,78,2025-01-10 01:48:13
카페,상암 맛집,상암 불백집,2024-07-18,5,가격 대비 만족도가 높아요. 다시 방문하고 싶습니다.,4821,87,2025-05-07 01:48:13
카페,강릉,안목해변,2025-07-20,4,직원분들이 친절해서 기분 좋게 다녀왔습니다.,3476,90,2025-01-12 01:48:13
카페,수원,화홍문,2024-10-30,4,가성비 좋은 곳이라 친구들에게 추천하고 싶어요.,3197,86,2025-08-08 01:48:13
여행,부산,자갈치시장,2024-03-12,3,가격 대비 만족도가 높아요. 다시 방문하고 싶습니다.,3027,90,2025-08-08 01:48:13

==== Fri Sep  5 03:31:01 PM KST 2025 ====
카테고리,파일명,장소,방문 날짜,별점,리뷰,조회수,폴더 주인,폴더 마지막 수정 시간
레저,에버랜드,사파리월드,2025-02-10,3,서비스가 조금 아쉬웠지만 전체적으로 괜찮았습니다.,5099,88,2025-08-10 01:48:13
카페,상암 맛집,상암 불백집,2024-07-18,5,가격 대비 만족도가 높아요. 다시 방문하고 싶습니다.,4822,87,2025-05-07 01:48:13
문화,강릉,경포대,2025-03-13,4,주차가 불편했지만 음식은 정말 훌륭했어요.,3512,82,2025-01-06 01:48:13
여행,수원,장안문,2024-05-18,3,서비스가 조금 아쉬웠지만 전체적으로 괜찮았습니다.,3232,76,2025-03-05 01:48:13
여행,부산,자갈치시장,2024-03-12,3,가격 대비 만족도가 높아요. 다시 방문하고 싶습니다.,3032,90,2025-08-08 01:48:13

==== Fri Sep  5 03:32:01 PM KST 2025 ====
카테고리,파일명,장소,방문 날짜,별점,리뷰,조회수,폴더 주인,폴더 마지막 수정 시간
문화,에버랜드,튤립정원,2025-04-20,3,생각보다 별로였고 재방문은 하지 않을 것 같아요.,5102,84,2025-02-04 01:48:13
레저,상암 맛집,상암 파스타집,2025-04-14,4,직원분들이 친절해서 기분 좋게 다녀왔습니다.,4826,79,2024-11-22 01:48:13
레저,강릉,경포대,2025-01-07,5,가성비 좋은 곳이라 친구들에게 추천하고 싶어요.,3495,82,2025-01-06 01:48:13
여행,수원,팔달문 시장,2024-06-02,5,가격 대비 만족도가 높아요. 다시 방문하고 싶습니다.,3229,83,2024-11-17 01:48:13
맛집,부산,해운대,2024-04-16,3,음식은 평범했지만 인테리어가 예뻤습니다.,3023,93,2025-08-09 01:48:13

==== Fri Sep  5 03:33:01 PM KST 2025 ====
카테고리,파일명,장소,방문 날짜,별점,리뷰,조회수,폴더 주인,폴더 마지막 수정 시간
문화,에버랜드,사파리월드,2025-04-14,2,1,5095,81,2025-03-05 01:48:13
카페,상암 맛집,상암 김치찌개골목,2024-09-25,2,주차가 불편했지만 음식은 정말 훌륭했어요.,4851,85,2025-07-06 01:48:13
레저,강릉,강릉항,2024-05-13,4,가격 대비 만족도가 높아요. 다시 방문하고 싶습니다.,3507,95,2025-07-30 01:48:13
맛집,수원,장안문,2024-05-07,4,맛은 있었지만 양이 조금 부족했어요.,3234,100,2025-02-14 01:48:13
맛집,부산,광안리 해수욕장,2024-03-15,5,직원분들이 친절해서 기분 좋게 다녀왔습니다.,3040,88,2024-11-27 01:48:13

==== Fri Sep  5 03:34:01 PM KST 2025 ====
카테고리,파일명,장소,방문 날짜,별점,리뷰,조회수,폴더 주인,폴더 마지막 수정 시간
레저,에버랜드,사파리월드,2025-02-10,3,서비스가 조금 아쉬웠지만 전체적으로 괜찮았습니다.,5106,88,2025-08-10 01:48:13
카페,상암 맛집,상암 불백집,2024-07-18,5,가격 대비 만족도가 높아요. 다시 방문하고 싶습니다.,4830,87,2025-05-07 01:48:13
레저,강릉,경포대,2025-01-07,5,가성비 좋은 곳이라 친구들에게 추천하고 싶어요.,3499,82,2025-01-06 01:48:13
맛집,수원,팔달문 시장,2025-04-07,5,가격 대비 만족도가 높아요. 다시 방문하고 싶습니다.,3216,86,2025-05-21 01:48:13
카페,부산,해운대,2025-04-08,5,생각보다 별로였고 재방문은 하지 않을 것 같아요.,3030,93,2025-02-21 01:48:13

==== Fri Sep  5 03:35:01 PM KST 2025 ====
카테고리,파일명,장소,방문 날짜,별점,리뷰,조회수,폴더 주인,폴더 마지막 수정 시간
여행,에버랜드,튤립정원,2024-07-10,2,가격 대비 만족도가 높아요. 다시 방문하고 싶습니다.,5071,78,2025-04-14 01:48:13
카페,상암 맛집,상암 김치찌개골목,2024-09-25,2,주차가 불편했지만 음식은 정말 훌륭했어요.,4855,85,2025-07-06 01:48:13
레저,강릉,강릉항,2024-05-13,4,가격 대비 만족도가 높아요. 다시 방문하고 싶습니다.,3515,95,2025-07-30 01:48:13
여행,수원,수원 화성,2024-11-12,5,맛은 있었지만 양이 조금 부족했어요.,3232,95,2025-08-15 01:48:13
카페,부산,태종대,2024-01-18,1,특별한 날에 방문하기 좋은 분위기였어요.,3046,91,2025-08-12 01:48:13

==== Fri Sep  5 03:36:01 PM KST 2025 ====
카테고리,파일명,장소,방문 날짜,별점,리뷰,조회수,폴더 주인,폴더 마지막 수정 시간
레저,에버랜드,사파리월드,2025-02-10,3,서비스가 조금 아쉬웠지만 전체적으로 괜찮았습니다.,5115,88,2025-08-10 01:48:13
카페,상암 맛집,상암 김치찌개골목,2024-09-25,2,주차가 불편했지만 음식은 정말 훌륭했어요.,4856,85,2025-07-06 01:48:13
카페,강릉,안목해변,2025-07-20,4,직원분들이 친절해서 기분 좋게 다녀왔습니다.,3494,90,2025-01-12 01:48:13
맛집,수원,장안문,2024-05-07,4,맛은 있었지만 양이 조금 부족했어요.,3240,100,2025-02-14 01:48:13
맛집,부산,광안리 해수욕장,2024-03-15,5,직원분들이 친절해서 기분 좋게 다녀왔습니다.,3049,88,2024-11-27 01:48:13

==== Fri Sep  5 03:37:01 PM KST 2025 ====
카테고리,파일명,장소,방문 날짜,별점,리뷰,조회수,폴더 주인,폴더 마지막 수정 시간
여행,에버랜드,튤립정원,2024-07-10,2,가격 대비 만족도가 높아요. 다시 방문하고 싶습니다.,5076,78,2025-04-14 01:48:13
문화,상암 맛집,상암 초밥집,2025-03-03,3,직원분들이 친절해서 기분 좋게 다녀왔습니다.,4834,82,2025-06-24 01:48:13
카페,강릉,안목해변,2025-07-20,4,직원분들이 친절해서 기분 좋게 다녀왔습니다.,3498,90,2025-01-12 01:48:13
맛집,수원,팔달문 시장,2025-04-07,5,가격 대비 만족도가 높아요. 다시 방문하고 싶습니다.,3224,86,2025-05-21 01:48:13
맛집,부산,해운대,2024-10-30,5,주차가 불편했지만 음식은 정말 훌륭했어요.,3033,85,2025-02-26 01:48:13

==== Fri Sep  5 03:38:01 PM KST 2025 ====
카테고리,파일명,장소,방문 날짜,별점,리뷰,조회수,폴더 주인,폴더 마지막 수정 시간
여행,에버랜드,튤립정원,2024-07-10,2,가격 대비 만족도가 높아요. 다시 방문하고 싶습니다.,5078,78,2025-04-14 01:48:13
문화,상암 맛집,상암 초밥집,2025-03-03,3,직원분들이 친절해서 기분 좋게 다녀왔습니다.,4835,82,2025-06-24 01:48:13
문화,강릉,경포대,2025-03-13,4,주차가 불편했지만 음식은 정말 훌륭했어요.,3530,82,2025-01-06 01:48:13
카페,수원,장안문,2025-06-06,3,맛은 있었지만 양이 조금 부족했어요.,3255,76,2025-08-23 01:48:13
맛집,부산,해운대,2024-04-16,3,음식은 평범했지만 인테리어가 예뻤습니다.,3041,93,2025-08-09 01:48:13

==== Fri Sep  5 03:39:01 PM KST 2025 ====
카테고리,파일명,장소,방문 날짜,별점,리뷰,조회수,폴더 주인,폴더 마지막 수정 시간
레저,에버랜드,사파리월드,2025-02-10,3,서비스가 조금 아쉬웠지만 전체적으로 괜찮았습니다.,5122,88,2025-08-10 01:48:13
레저,상암 맛집,상암 초밥집,2024-11-27,4,맛은 있었지만 양이 조금 부족했어요.,4815,101,2025-02-25 01:48:13
레저,강릉,강릉항,2024-05-13,4,가격 대비 만족도가 높아요. 다시 방문하고 싶습니다.,3528,95,2025-07-30 01:48:13
여행,수원,화홍문,2025-02-12,3,생각보다 별로였고 재방문은 하지 않을 것 같아요.,3233,108,2025-04-09 01:48:13
카페,부산,해운대,2024-11-29,3,맛은 있었지만 양이 조금 부족했어요.,3034,84,2024-12-04 01:48:13

==== Fri Sep  5 03:40:01 PM KST 2025 ====
카테고리,파일명,장소,방문 날짜,별점,리뷰,조회수,폴더 주인,폴더 마지막 수정 시간
여행,에버랜드,튤립정원,2024-07-10,2,가격 대비 만족도가 높아요. 다시 방문하고 싶습니다.,5083,78,2025-04-14 01:48:13
여행,상암 맛집,상암 초밥집,2024-11-06,5,직원분들이 친절해서 기분 좋게 다녀왔습니다.,4863,98,2025-05-22 01:48:13
맛집,강릉,초당순두부거리,2024-10-31,5,가격 대비 만족도가 높아요. 다시 방문하고 싶습니다.,3533,84,2025-08-03 01:48:13
문화,수원,화홍문,2024-02-16,1,직원분들이 친절해서 기분 좋게 다녀왔습니다.,3237,93,2025-03-14 01:48:13
카페,부산,해운대,2024-11-29,3,맛은 있었지만 양이 조금 부족했어요.,3038,84,2024-12-04 01:48:13

==== Fri Sep  5 03:41:01 PM KST 2025 ====
카테고리,파일명,장소,방문 날짜,별점,리뷰,조회수,폴더 주인,폴더 마지막 수정 시간
맛집,에버랜드,썬더폴스,2025-05-18,2,서비스가 조금 아쉬웠지만 전체적으로 괜찮았습니다.,5123,91,2025-08-31 01:48:13
레저,상암 맛집,상암 초밥집,2024-11-27,4,맛은 있었지만 양이 조금 부족했어요.,4822,101,2025-02-25 01:48:13
카페,강릉,안목해변,2025-07-20,4,직원분들이 친절해서 기분 좋게 다녀왔습니다.,3511,90,2025-01-12 01:48:13
맛집,수원,팔달문 시장,2025-04-07,5,가격 대비 만족도가 높아요. 다시 방문하고 싶습니다.,3235,86,2025-05-21 01:48:13
레저,부산,태종대,2025-08-19,1,1,3052,103,2025-03-15 01:48:13

==== Fri Sep  5 03:42:01 PM KST 2025 ====
카테고리,파일명,장소,방문 날짜,별점,리뷰,조회수,폴더 주인,폴더 마지막 수정 시간
문화,에버랜드,사파리월드,2025-04-14,2,1,5124,81,2025-03-05 01:48:13
레저,상암 맛집,상암 파스타집,2025-04-14,4,직원분들이 친절해서 기분 좋게 다녀왔습니다.,4852,79,2024-11-22 01:48:13
맛집,강릉,초당순두부거리,2024-10-31,5,가격 대비 만족도가 높아요. 다시 방문하고 싶습니다.,3541,84,2025-08-03 01:48:13
맛집,수원,팔달문 시장,2025-04-07,5,가격 대비 만족도가 높아요. 다시 방문하고 싶습니다.,3237,86,2025-05-21 01:48:13
여행,부산,자갈치시장,2024-03-12,3,가격 대비 만족도가 높아요. 다시 방문하고 싶습니다.,3063,90,2025-08-08 01:48:13

==== Fri Sep  5 03:43:01 PM KST 2025 ====
카테고리,파일명,장소,방문 날짜,별점,리뷰,조회수,폴더 주인,폴더 마지막 수정 시간
카페,에버랜드,썬더폴스,2024-10-19,5,주차가 불편했지만 음식은 정말 훌륭했어요.,5130,78,2025-01-10 01:48:13
레저,상암 맛집,상암 파스타집,2025-04-14,4,직원분들이 친절해서 기분 좋게 다녀왔습니다.,4856,79,2024-11-22 01:48:13
문화,강릉,경포대,2025-03-13,4,주차가 불편했지만 음식은 정말 훌륭했어요.,3544,82,2025-01-06 01:48:13
맛집,수원,팔달문 시장,2025-04-07,5,가격 대비 만족도가 높아요. 다시 방문하고 싶습니다.,3242,86,2025-05-21 01:48:13
레저,부산,태종대,2025-08-19,1,1,3059,103,2025-03-15 01:48:13

==== Fri Sep  5 03:44:01 PM KST 2025 ====
카테고리,파일명,장소,방문 날짜,별점,리뷰,조회수,폴더 주인,폴더 마지막 수정 시간
문화,에버랜드,사파리월드,2025-04-14,2,1,5130,81,2025-03-05 01:48:13
레저,상암 맛집,상암 파스타집,2025-04-14,4,직원분들이 친절해서 기분 좋게 다녀왔습니다.,4859,79,2024-11-22 01:48:13
문화,강릉,경포대,2025-03-13,4,주차가 불편했지만 음식은 정말 훌륭했어요.,3547,82,2025-01-06 01:48:13
맛집,수원,팔달문 시장,2025-04-07,5,가격 대비 만족도가 높아요. 다시 방문하고 싶습니다.,3245,86,2025-05-21 01:48:13
카페,부산,태종대,2024-11-18,1,생각보다 별로였고 재방문은 하지 않을 것 같아요.,3074,78,2025-05-20 01:48:13

==== Fri Sep  5 03:45:01 PM KST 2025 ====
카테고리,파일명,장소,방문 날짜,별점,리뷰,조회수,폴더 주인,폴더 마지막 수정 시간
여행,에버랜드,튤립정원,2024-07-10,2,가격 대비 만족도가 높아요. 다시 방문하고 싶습니다.,5099,78,2025-04-14 01:48:13
문화,상암 맛집,상암 초밥집,2025-03-03,3,직원분들이 친절해서 기분 좋게 다녀왔습니다.,4854,82,2025-06-24 01:48:13
맛집,강릉,초당순두부거리,2024-10-31,5,가격 대비 만족도가 높아요. 다시 방문하고 싶습니다.,3549,84,2025-08-03 01:48:13
여행,수원,장안문,2024-05-18,3,서비스가 조금 아쉬웠지만 전체적으로 괜찮았습니다.,3272,76,2025-03-05 01:48:13
맛집,부산,해운대,2024-10-30,5,주차가 불편했지만 음식은 정말 훌륭했어요.,3058,85,2025-02-26 01:48:13

==== Fri Sep  5 03:46:01 PM KST 2025 ====
카테고리,파일명,장소,방문 날짜,별점,리뷰,조회수,폴더 주인,폴더 마지막 수정 시간
문화,에버랜드,튤립정원,2025-07-27,3,서비스가 조금 아쉬웠지만 전체적으로 괜찮았습니다.,5139,101,2024-12-02 01:48:13
카페,상암 맛집,상암 불백집,2024-07-18,5,가격 대비 만족도가 높아요. 다시 방문하고 싶습니다.,4870,87,2025-05-07 01:48:13
레저,강릉,강릉항,2024-05-13,4,가격 대비 만족도가 높아요. 다시 방문하고 싶습니다.,3547,95,2025-07-30 01:48:13
카페,수원,화홍문,2024-10-30,4,가성비 좋은 곳이라 친구들에게 추천하고 싶어요.,3239,86,2025-08-08 01:48:13
카페,부산,해운대,2025-04-08,5,생각보다 별로였고 재방문은 하지 않을 것 같아요.,3071,93,2025-02-21 01:48:13

==== Fri Sep  5 03:47:02 PM KST 2025 ====
카테고리,파일명,장소,방문 날짜,별점,리뷰,조회수,폴더 주인,폴더 마지막 수정 시간
문화,에버랜드,튤립정원,2025-07-27,3,서비스가 조금 아쉬웠지만 전체적으로 괜찮았습니다.,5140,101,2024-12-02 01:48:13
레저,상암 맛집,상암 초밥집,2024-11-27,4,맛은 있었지만 양이 조금 부족했어요.,4838,101,2025-02-25 01:48:13
맛집,강릉,초당순두부거리,2024-10-31,5,가격 대비 만족도가 높아요. 다시 방문하고 싶습니다.,3555,84,2025-08-03 01:48:13
여행,수원,팔달문 시장,2024-06-02,5,가격 대비 만족도가 높아요. 다시 방문하고 싶습니다.,3270,83,2024-11-17 01:48:13
레저,부산,태종대,2025-08-19,1,1,3074,103,2025-03-15 01:48:13

==== Fri Sep  5 03:48:01 PM KST 2025 ====
카테고리,파일명,장소,방문 날짜,별점,리뷰,조회수,폴더 주인,폴더 마지막 수정 시간
여행,에버랜드,튤립정원,2024-07-10,2,가격 대비 만족도가 높아요. 다시 방문하고 싶습니다.,5106,78,2025-04-14 01:48:13
레저,상암 맛집,상암 초밥집,2024-11-27,4,맛은 있었지만 양이 조금 부족했어요.,4841,101,2025-02-25 01:48:13
레저,강릉,경포대,2025-01-07,5,가성비 좋은 곳이라 친구들에게 추천하고 싶어요.,3548,82,2025-01-06 01:48:13
레저,수원,장안문,2024-08-30,4,주차가 불편했지만 음식은 정말 훌륭했어요.,3246,92,2025-01-10 01:48:13
문화,부산,자갈치시장,2024-08-18,5,음식은 평범했지만 인테리어가 예뻤습니다.,3060,78,2025-07-17 01:48:13

==== Fri Sep  5 03:49:01 PM KST 2025 ====
카테고리,파일명,장소,방문 날짜,별점,리뷰,조회수,폴더 주인,폴더 마지막 수정 시간
레저,에버랜드,사파리월드,2025-02-10,3,서비스가 조금 아쉬웠지만 전체적으로 괜찮았습니다.,5156,88,2025-08-10 01:48:13
맛집,상암 맛집,상암 김치찌개골목,2024-07-23,4,생각보다 별로였고 재방문은 하지 않을 것 같아요.,4842,91,2025-05-08 01:48:13
카페,강릉,안목해변,2025-07-20,4,직원분들이 친절해서 기분 좋게 다녀왔습니다.,3537,90,2025-01-12 01:48:13
여행,수원,팔달문 시장,2024-06-02,5,가격 대비 만족도가 높아요. 다시 방문하고 싶습니다.,3279,83,2024-11-17 01:48:13
카페,부산,태종대,2024-11-18,1,생각보다 별로였고 재방문은 하지 않을 것 같아요.,3089,78,2025-05-20 01:48:13

==== Fri Sep  5 03:50:01 PM KST 2025 ====
카테고리,파일명,장소,방문 날짜,별점,리뷰,조회수,폴더 주인,폴더 마지막 수정 시간
여행,에버랜드,튤립정원,2024-07-10,2,가격 대비 만족도가 높아요. 다시 방문하고 싶습니다.,5114,78,2025-04-14 01:48:13
문화,상암 맛집,상암 초밥집,2025-03-03,3,직원분들이 친절해서 기분 좋게 다녀왔습니다.,4876,82,2025-06-24 01:48:13
레저,강릉,경포대,2025-01-07,5,가성비 좋은 곳이라 친구들에게 추천하고 싶어요.,3550,82,2025-01-06 01:48:13
여행,수원,수원 화성,2024-11-12,5,맛은 있었지만 양이 조금 부족했어요.,3270,95,2025-08-15 01:48:13
맛집,부산,광안리 해수욕장,2024-03-15,5,직원분들이 친절해서 기분 좋게 다녀왔습니다.,3097,88,2024-11-27 01:48:13

==== Fri Sep  5 03:51:01 PM KST 2025 ====
카테고리,파일명,장소,방문 날짜,별점,리뷰,조회수,폴더 주인,폴더 마지막 수정 시간
문화,에버랜드,튤립정원,2025-07-27,3,서비스가 조금 아쉬웠지만 전체적으로 괜찮았습니다.,5156,101,2024-12-02 01:48:13
레저,상암 맛집,상암 파스타집,2025-04-14,4,직원분들이 친절해서 기분 좋게 다녀왔습니다.,4874,79,2024-11-22 01:48:13
레저,강릉,경포대,2025-01-07,5,가성비 좋은 곳이라 친구들에게 추천하고 싶어요.,3555,82,2025-01-06 01:48:13
카페,수원,장안문,2025-06-06,3,맛은 있었지만 양이 조금 부족했어요.,3292,76,2025-08-23 01:48:13
문화,부산,자갈치시장,2024-08-18,5,음식은 평범했지만 인테리어가 예뻤습니다.,3067,78,2025-07-17 01:48:13

==== Fri Sep  5 03:52:01 PM KST 2025 ====
카테고리,파일명,장소,방문 날짜,별점,리뷰,조회수,폴더 주인,폴더 마지막 수정 시간
맛집,에버랜드,썬더폴스,2025-05-18,2,서비스가 조금 아쉬웠지만 전체적으로 괜찮았습니다.,5153,91,2025-08-31 01:48:13
맛집,상암 맛집,상암 김치찌개골목,2024-07-23,4,생각보다 별로였고 재방문은 하지 않을 것 같아요.,4851,91,2025-05-08 01:48:13
레저,강릉,경포대,2025-01-07,5,가성비 좋은 곳이라 친구들에게 추천하고 싶어요.,3558,82,2025-01-06 01:48:13
레저,수원,장안문,2024-08-30,4,주차가 불편했지만 음식은 정말 훌륭했어요.,3257,92,2025-01-10 01:48:13
카페,부산,태종대,2024-11-18,1,생각보다 별로였고 재방문은 하지 않을 것 같아요.,3094,78,2025-05-20 01:48:13

==== Fri Sep  5 03:53:01 PM KST 2025 ====
카테고리,파일명,장소,방문 날짜,별점,리뷰,조회수,폴더 주인,폴더 마지막 수정 시간
레저,에버랜드,사파리월드,2025-02-10,3,서비스가 조금 아쉬웠지만 전체적으로 괜찮았습니다.,5169,88,2025-08-10 01:48:13
맛집,상암 맛집,상암 파스타집,2025-01-30,1,서비스가 조금 아쉬웠지만 전체적으로 괜찮았습니다.,4866,88,2025-05-18 01:48:13
문화,강릉,경포대,2025-03-13,4,주차가 불편했지만 음식은 정말 훌륭했어요.,3579,82,2025-01-06 01:48:13
레저,수원,장안문,2024-08-30,4,주차가 불편했지만 음식은 정말 훌륭했어요.,3259,92,2025-01-10 01:48:13
카페,부산,태종대,2024-11-18,1,생각보다 별로였고 재방문은 하지 않을 것 같아요.,3096,78,2025-05-20 01:48:13

==== Fri Sep  5 03:54:01 PM KST 2025 ====
카테고리,파일명,장소,방문 날짜,별점,리뷰,조회수,폴더 주인,폴더 마지막 수정 시간
문화,에버랜드,튤립정원,2025-07-27,3,서비스가 조금 아쉬웠지만 전체적으로 괜찮았습니다.,5161,101,2024-12-02 01:48:13
맛집,상암 맛집,상암 파스타집,2025-01-30,1,서비스가 조금 아쉬웠지만 전체적으로 괜찮았습니다.,4870,88,2025-05-18 01:48:13
맛집,강릉,초당순두부거리,2024-10-31,5,가격 대비 만족도가 높아요. 다시 방문하고 싶습니다.,3581,84,2025-08-03 01:48:13
맛집,수원,장안문,2024-05-07,4,맛은 있었지만 양이 조금 부족했어요.,3289,100,2025-02-14 01:48:13
카페,부산,해운대,2025-04-08,5,생각보다 별로였고 재방문은 하지 않을 것 같아요.,3093,93,2025-02-21 01:48:13

==== Fri Sep  5 03:55:01 PM KST 2025 ====
카테고리,파일명,장소,방문 날짜,별점,리뷰,조회수,폴더 주인,폴더 마지막 수정 시간
문화,에버랜드,튤립정원,2025-07-27,3,서비스가 조금 아쉬웠지만 전체적으로 괜찮았습니다.,5165,101,2024-12-02 01:48:13
맛집,상암 맛집,상암 파스타집,2025-01-30,1,서비스가 조금 아쉬웠지만 전체적으로 괜찮았습니다.,4873,88,2025-05-18 01:48:13
문화,강릉,경포대,2025-03-13,4,주차가 불편했지만 음식은 정말 훌륭했어요.,3582,82,2025-01-06 01:48:13
여행,수원,팔달문 시장,2024-06-02,5,가격 대비 만족도가 높아요. 다시 방문하고 싶습니다.,3296,83,2024-11-17 01:48:13
여행,부산,자갈치시장,2024-03-12,3,가격 대비 만족도가 높아요. 다시 방문하고 싶습니다.,3102,90,2025-08-08 01:48:13

